This is pdfTeX, Version 3.141592653-2.6-1.40.25 (TeX Live 2023) (preloaded format=pdflatex 2023.4.16)  13 OCT 2025 21:49
entering extended mode
 restricted \write18 enabled.
 file:line:error style messages enabled.
 %&-line parsing enabled.
**P_clean.tex
(./P_clean.tex
LaTeX2e <2022-11-01> patch level 1
L3 programming layer <2023-02-22>
(/usr/local/texlive/2023/texmf-dist/tex/latex/base/article.cls
Document Class: article 2022/07/02 v1.4n Standard LaTeX document class
(/usr/local/texlive/2023/texmf-dist/tex/latex/base/size12.clo
File: size12.clo 2022/07/02 v1.4n Standard LaTeX file (size option)
)
\c@part=\count185
\c@section=\count186
\c@subsection=\count187
\c@subsubsection=\count188
\c@paragraph=\count189
\c@subparagraph=\count190
\c@figure=\count191
\c@table=\count192
\abovecaptionskip=\skip48
\belowcaptionskip=\skip49
\bibindent=\dimen140
)
(/usr/local/texlive/2023/texmf-dist/tex/latex/base/fontenc.sty
Package: fontenc 2021/04/29 v2.0v Standard LaTeX package
)
(/usr/local/texlive/2023/texmf-dist/tex/latex/base/inputenc.sty
Package: inputenc 2021/02/14 v1.3d Input encoding file
\inpenc@prehook=\toks16
\inpenc@posthook=\toks17
)
(/usr/local/texlive/2023/texmf-dist/tex/latex/lm/lmodern.sty
Package: lmodern 2015/05/01 v1.6.1 Latin Modern Fonts
LaTeX Font Info:    Overwriting symbol font `operators' in version `normal'
(Font)                  OT1/cmr/m/n --> OT1/lmr/m/n on input line 22.
LaTeX Font Info:    Overwriting symbol font `letters' in version `normal'
(Font)                  OML/cmm/m/it --> OML/lmm/m/it on input line 23.
LaTeX Font Info:    Overwriting symbol font `symbols' in version `normal'
(Font)                  OMS/cmsy/m/n --> OMS/lmsy/m/n on input line 24.
LaTeX Font Info:    Overwriting symbol font `largesymbols' in version `normal'
(Font)                  OMX/cmex/m/n --> OMX/lmex/m/n on input line 25.
LaTeX Font Info:    Overwriting symbol font `operators' in version `bold'
(Font)                  OT1/cmr/bx/n --> OT1/lmr/bx/n on input line 26.
LaTeX Font Info:    Overwriting symbol font `letters' in version `bold'
(Font)                  OML/cmm/b/it --> OML/lmm/b/it on input line 27.
LaTeX Font Info:    Overwriting symbol font `symbols' in version `bold'
(Font)                  OMS/cmsy/b/n --> OMS/lmsy/b/n on input line 28.
LaTeX Font Info:    Overwriting symbol font `largesymbols' in version `bold'
(Font)                  OMX/cmex/m/n --> OMX/lmex/m/n on input line 29.
LaTeX Font Info:    Overwriting math alphabet `\mathbf' in version `normal'
(Font)                  OT1/cmr/bx/n --> OT1/lmr/bx/n on input line 31.
LaTeX Font Info:    Overwriting math alphabet `\mathsf' in version `normal'
(Font)                  OT1/cmss/m/n --> OT1/lmss/m/n on input line 32.
LaTeX Font Info:    Overwriting math alphabet `\mathit' in version `normal'
(Font)                  OT1/cmr/m/it --> OT1/lmr/m/it on input line 33.
LaTeX Font Info:    Overwriting math alphabet `\mathtt' in version `normal'
(Font)                  OT1/cmtt/m/n --> OT1/lmtt/m/n on input line 34.
LaTeX Font Info:    Overwriting math alphabet `\mathbf' in version `bold'
(Font)                  OT1/cmr/bx/n --> OT1/lmr/bx/n on input line 35.
LaTeX Font Info:    Overwriting math alphabet `\mathsf' in version `bold'
(Font)                  OT1/cmss/bx/n --> OT1/lmss/bx/n on input line 36.
LaTeX Font Info:    Overwriting math alphabet `\mathit' in version `bold'
(Font)                  OT1/cmr/bx/it --> OT1/lmr/bx/it on input line 37.
LaTeX Font Info:    Overwriting math alphabet `\mathtt' in version `bold'
(Font)                  OT1/cmtt/m/n --> OT1/lmtt/m/n on input line 38.
)
(/usr/local/texlive/2023/texmf-dist/tex/latex/microtype/microtype.sty
Package: microtype 2023/03/13 v3.1a Micro-typographical refinements (RS)

(/usr/local/texlive/2023/texmf-dist/tex/latex/graphics/keyval.sty
Package: keyval 2022/05/29 v1.15 key=value parser (DPC)
\KV@toks@=\toks18
)
(/usr/local/texlive/2023/texmf-dist/tex/latex/etoolbox/etoolbox.sty
Package: etoolbox 2020/10/05 v2.5k e-TeX tools for LaTeX (JAW)
\etb@tempcnta=\count193
)
\MT@toks=\toks19
\MT@tempbox=\box51
\MT@count=\count194
LaTeX Info: Redefining \noprotrusionifhmode on input line 1059.
LaTeX Info: Redefining \leftprotrusion on input line 1060.
\MT@prot@toks=\toks20
LaTeX Info: Redefining \rightprotrusion on input line 1078.
LaTeX Info: Redefining \textls on input line 1368.
\MT@outer@kern=\dimen141
LaTeX Info: Redefining \textmicrotypecontext on input line 1988.
\MT@listname@count=\count195

(/usr/local/texlive/2023/texmf-dist/tex/latex/microtype/microtype-pdftex.def
File: microtype-pdftex.def 2023/03/13 v3.1a Definitions specific to pdftex (RS)

LaTeX Info: Redefining \lsstyle on input line 902.
LaTeX Info: Redefining \lslig on input line 902.
\MT@outer@space=\skip50
)
Package microtype Info: Loading configuration file microtype.cfg.

(/usr/local/texlive/2023/texmf-dist/tex/latex/microtype/microtype.cfg
File: microtype.cfg 2023/03/13 v3.1a microtype main configuration file (RS)
))
(/usr/local/texlive/2023/texmf-dist/tex/latex/geometry/geometry.sty
Package: geometry 2020/01/02 v5.9 Page Geometry

(/usr/local/texlive/2023/texmf-dist/tex/generic/iftex/ifvtex.sty
Package: ifvtex 2019/10/25 v1.7 ifvtex legacy package. Use iftex instead.

(/usr/local/texlive/2023/texmf-dist/tex/generic/iftex/iftex.sty
Package: iftex 2022/02/03 v1.0f TeX engine tests
))
\Gm@cnth=\count196
\Gm@cntv=\count197
\c@Gm@tempcnt=\count198
\Gm@bindingoffset=\dimen142
\Gm@wd@mp=\dimen143
\Gm@odd@mp=\dimen144
\Gm@even@mp=\dimen145
\Gm@layoutwidth=\dimen146
\Gm@layoutheight=\dimen147
\Gm@layouthoffset=\dimen148
\Gm@layoutvoffset=\dimen149
\Gm@dimlist=\toks21
)
(/usr/local/texlive/2023/texmf-dist/tex/latex/amsmath/amsmath.sty
Package: amsmath 2022/04/08 v2.17n AMS math features
\@mathmargin=\skip51

For additional information on amsmath, use the `?' option.
(/usr/local/texlive/2023/texmf-dist/tex/latex/amsmath/amstext.sty
Package: amstext 2021/08/26 v2.01 AMS text

(/usr/local/texlive/2023/texmf-dist/tex/latex/amsmath/amsgen.sty
File: amsgen.sty 1999/11/30 v2.0 generic functions
\@emptytoks=\toks22
\ex@=\dimen150
))
(/usr/local/texlive/2023/texmf-dist/tex/latex/amsmath/amsbsy.sty
Package: amsbsy 1999/11/29 v1.2d Bold Symbols
\pmbraise@=\dimen151
)
(/usr/local/texlive/2023/texmf-dist/tex/latex/amsmath/amsopn.sty
Package: amsopn 2022/04/08 v2.04 operator names
)
\inf@bad=\count199
LaTeX Info: Redefining \frac on input line 234.
\uproot@=\count266
\leftroot@=\count267
LaTeX Info: Redefining \overline on input line 399.
LaTeX Info: Redefining \colon on input line 410.
\classnum@=\count268
\DOTSCASE@=\count269
LaTeX Info: Redefining \ldots on input line 496.
LaTeX Info: Redefining \dots on input line 499.
LaTeX Info: Redefining \cdots on input line 620.
\Mathstrutbox@=\box52
\strutbox@=\box53
LaTeX Info: Redefining \big on input line 722.
LaTeX Info: Redefining \Big on input line 723.
LaTeX Info: Redefining \bigg on input line 724.
LaTeX Info: Redefining \Bigg on input line 725.
\big@size=\dimen152
LaTeX Font Info:    Redeclaring font encoding OML on input line 743.
LaTeX Font Info:    Redeclaring font encoding OMS on input line 744.
\macc@depth=\count270
LaTeX Info: Redefining \bmod on input line 905.
LaTeX Info: Redefining \pmod on input line 910.
LaTeX Info: Redefining \smash on input line 940.
LaTeX Info: Redefining \relbar on input line 970.
LaTeX Info: Redefining \Relbar on input line 971.
\c@MaxMatrixCols=\count271
\dotsspace@=\muskip16
\c@parentequation=\count272
\dspbrk@lvl=\count273
\tag@help=\toks23
\row@=\count274
\column@=\count275
\maxfields@=\count276
\andhelp@=\toks24
\eqnshift@=\dimen153
\alignsep@=\dimen154
\tagshift@=\dimen155
\tagwidth@=\dimen156
\totwidth@=\dimen157
\lineht@=\dimen158
\@envbody=\toks25
\multlinegap=\skip52
\multlinetaggap=\skip53
\mathdisplay@stack=\toks26
LaTeX Info: Redefining \[ on input line 2953.
LaTeX Info: Redefining \] on input line 2954.
)
(/usr/local/texlive/2023/texmf-dist/tex/latex/amsfonts/amssymb.sty
Package: amssymb 2013/01/14 v3.01 AMS font symbols

(/usr/local/texlive/2023/texmf-dist/tex/latex/amsfonts/amsfonts.sty
Package: amsfonts 2013/01/14 v3.01 Basic AMSFonts support
\symAMSa=\mathgroup4
\symAMSb=\mathgroup5
LaTeX Font Info:    Redeclaring math symbol \hbar on input line 98.
LaTeX Font Info:    Overwriting math alphabet `\mathfrak' in version `bold'
(Font)                  U/euf/m/n --> U/euf/b/n on input line 106.
))
(/usr/local/texlive/2023/texmf-dist/tex/latex/mathtools/mathtools.sty
Package: mathtools 2022/06/29 v1.29 mathematical typesetting tools

(/usr/local/texlive/2023/texmf-dist/tex/latex/tools/calc.sty
Package: calc 2017/05/25 v4.3 Infix arithmetic (KKT,FJ)
\calc@Acount=\count277
\calc@Bcount=\count278
\calc@Adimen=\dimen159
\calc@Bdimen=\dimen160
\calc@Askip=\skip54
\calc@Bskip=\skip55
LaTeX Info: Redefining \setlength on input line 80.
LaTeX Info: Redefining \addtolength on input line 81.
\calc@Ccount=\count279
\calc@Cskip=\skip56
)
(/usr/local/texlive/2023/texmf-dist/tex/latex/mathtools/mhsetup.sty
Package: mhsetup 2021/03/18 v1.4 programming setup (MH)
)
\g_MT_multlinerow_int=\count280
\l_MT_multwidth_dim=\dimen161
\origjot=\skip57
\l_MT_shortvdotswithinadjustabove_dim=\dimen162
\l_MT_shortvdotswithinadjustbelow_dim=\dimen163
\l_MT_above_intertext_sep=\dimen164
\l_MT_below_intertext_sep=\dimen165
\l_MT_above_shortintertext_sep=\dimen166
\l_MT_below_shortintertext_sep=\dimen167
\xmathstrut@box=\box54
\xmathstrut@dim=\dimen168
)
(/usr/local/texlive/2023/texmf-dist/tex/latex/hyperref/hyperref.sty
Package: hyperref 2023-02-07 v7.00v Hypertext links for LaTeX

(/usr/local/texlive/2023/texmf-dist/tex/generic/ltxcmds/ltxcmds.sty
Package: ltxcmds 2020-05-10 v1.25 LaTeX kernel commands for general use (HO)
)
(/usr/local/texlive/2023/texmf-dist/tex/generic/pdftexcmds/pdftexcmds.sty
Package: pdftexcmds 2020-06-27 v0.33 Utility functions of pdfTeX for LuaTeX (HO
)

(/usr/local/texlive/2023/texmf-dist/tex/generic/infwarerr/infwarerr.sty
Package: infwarerr 2019/12/03 v1.5 Providing info/warning/error messages (HO)
)
Package pdftexcmds Info: \pdf@primitive is available.
Package pdftexcmds Info: \pdf@ifprimitive is available.
Package pdftexcmds Info: \pdfdraftmode found.
)
(/usr/local/texlive/2023/texmf-dist/tex/latex/kvsetkeys/kvsetkeys.sty
Package: kvsetkeys 2022-10-05 v1.19 Key value parser (HO)
)
(/usr/local/texlive/2023/texmf-dist/tex/generic/kvdefinekeys/kvdefinekeys.sty
Package: kvdefinekeys 2019-12-19 v1.6 Define keys (HO)
)
(/usr/local/texlive/2023/texmf-dist/tex/generic/pdfescape/pdfescape.sty
Package: pdfescape 2019/12/09 v1.15 Implements pdfTeX's escape features (HO)
)
(/usr/local/texlive/2023/texmf-dist/tex/latex/hycolor/hycolor.sty
Package: hycolor 2020-01-27 v1.10 Color options for hyperref/bookmark (HO)
)
(/usr/local/texlive/2023/texmf-dist/tex/latex/letltxmacro/letltxmacro.sty
Package: letltxmacro 2019/12/03 v1.6 Let assignment for LaTeX macros (HO)
)
(/usr/local/texlive/2023/texmf-dist/tex/latex/auxhook/auxhook.sty
Package: auxhook 2019-12-17 v1.6 Hooks for auxiliary files (HO)
)
(/usr/local/texlive/2023/texmf-dist/tex/latex/hyperref/nameref.sty
Package: nameref 2022-05-17 v2.50 Cross-referencing by name of section

(/usr/local/texlive/2023/texmf-dist/tex/latex/refcount/refcount.sty
Package: refcount 2019/12/15 v3.6 Data extraction from label references (HO)
)
(/usr/local/texlive/2023/texmf-dist/tex/generic/gettitlestring/gettitlestring.s
ty
Package: gettitlestring 2019/12/15 v1.6 Cleanup title references (HO)
 (/usr/local/texlive/2023/texmf-dist/tex/latex/kvoptions/kvoptions.sty
Package: kvoptions 2022-06-15 v3.15 Key value format for package options (HO)
))
\c@section@level=\count281
)
\@linkdim=\dimen169
\Hy@linkcounter=\count282
\Hy@pagecounter=\count283

(/usr/local/texlive/2023/texmf-dist/tex/latex/hyperref/pd1enc.def
File: pd1enc.def 2023-02-07 v7.00v Hyperref: PDFDocEncoding definition (HO)
Now handling font encoding PD1 ...
... no UTF-8 mapping file for font encoding PD1
)
(/usr/local/texlive/2023/texmf-dist/tex/generic/intcalc/intcalc.sty
Package: intcalc 2019/12/15 v1.3 Expandable calculations with integers (HO)
)
(/usr/local/texlive/2023/texmf-dist/tex/generic/etexcmds/etexcmds.sty
Package: etexcmds 2019/12/15 v1.7 Avoid name clashes with e-TeX commands (HO)
)
\Hy@SavedSpaceFactor=\count284

(/usr/local/texlive/2023/texmf-dist/tex/latex/hyperref/puenc.def
File: puenc.def 2023-02-07 v7.00v Hyperref: PDF Unicode definition (HO)
Now handling font encoding PU ...
... no UTF-8 mapping file for font encoding PU
)
Package hyperref Info: Option `colorlinks' set `true' on input line 4060.
Package hyperref Info: Hyper figures OFF on input line 4177.
Package hyperref Info: Link nesting OFF on input line 4182.
Package hyperref Info: Hyper index ON on input line 4185.
Package hyperref Info: Plain pages OFF on input line 4192.
Package hyperref Info: Backreferencing OFF on input line 4197.
Package hyperref Info: Implicit mode ON; LaTeX internals redefined.
Package hyperref Info: Bookmarks ON on input line 4425.
\c@Hy@tempcnt=\count285

(/usr/local/texlive/2023/texmf-dist/tex/latex/url/url.sty
\Urlmuskip=\muskip17
Package: url 2013/09/16  ver 3.4  Verb mode for urls, etc.
)
LaTeX Info: Redefining \url on input line 4763.
\XeTeXLinkMargin=\dimen170

(/usr/local/texlive/2023/texmf-dist/tex/generic/bitset/bitset.sty
Package: bitset 2019/12/09 v1.3 Handle bit-vector datatype (HO)

(/usr/local/texlive/2023/texmf-dist/tex/generic/bigintcalc/bigintcalc.sty
Package: bigintcalc 2019/12/15 v1.5 Expandable calculations on big integers (HO
)
))
\Fld@menulength=\count286
\Field@Width=\dimen171
\Fld@charsize=\dimen172
Package hyperref Info: Hyper figures OFF on input line 6042.
Package hyperref Info: Link nesting OFF on input line 6047.
Package hyperref Info: Hyper index ON on input line 6050.
Package hyperref Info: backreferencing OFF on input line 6057.
Package hyperref Info: Link coloring ON on input line 6060.
Package hyperref Info: Link coloring with OCG OFF on input line 6067.
Package hyperref Info: PDF/A mode OFF on input line 6072.

(/usr/local/texlive/2023/texmf-dist/tex/latex/base/atbegshi-ltx.sty
Package: atbegshi-ltx 2021/01/10 v1.0c Emulation of the original atbegshi
package with kernel methods
)
\Hy@abspage=\count287
\c@Item=\count288
\c@Hfootnote=\count289
)
Package hyperref Info: Driver (autodetected): hpdftex.

(/usr/local/texlive/2023/texmf-dist/tex/latex/hyperref/hpdftex.def
File: hpdftex.def 2023-02-07 v7.00v Hyperref driver for pdfTeX

(/usr/local/texlive/2023/texmf-dist/tex/latex/base/atveryend-ltx.sty
Package: atveryend-ltx 2020/08/19 v1.0a Emulation of the original atveryend pac
kage
with kernel methods
)
\Fld@listcount=\count290
\c@bookmark@seq@number=\count291

(/usr/local/texlive/2023/texmf-dist/tex/latex/rerunfilecheck/rerunfilecheck.sty
Package: rerunfilecheck 2022-07-10 v1.10 Rerun checks for auxiliary files (HO)

(/usr/local/texlive/2023/texmf-dist/tex/generic/uniquecounter/uniquecounter.sty
Package: uniquecounter 2019/12/15 v1.4 Provide unlimited unique counter (HO)
)
Package uniquecounter Info: New unique counter `rerunfilecheck' on input line 2
85.
)
\Hy@SectionHShift=\skip58
) (/usr/local/texlive/2023/texmf-dist/tex/latex/setspace/setspace.sty
Package: setspace 2022/12/04 v6.7b set line spacing
)
(/usr/local/texlive/2023/texmf-dist/tex/latex/pdfpages/pdfpages.sty
Package: pdfpages 2022/12/19 v0.5x Insert pages of external PDF documents (AM)

(/usr/local/texlive/2023/texmf-dist/tex/latex/base/ifthen.sty
Package: ifthen 2022/04/13 v1.1d Standard LaTeX ifthen package (DPC)
)
(/usr/local/texlive/2023/texmf-dist/tex/latex/eso-pic/eso-pic.sty
Package: eso-pic 2020/10/14 v3.0a eso-pic (RN)
\ESO@tempdima=\dimen173
\ESO@tempdimb=\dimen174

(/usr/local/texlive/2023/texmf-dist/tex/latex/xcolor/xcolor.sty
Package: xcolor 2022/06/12 v2.14 LaTeX color extensions (UK)

(/usr/local/texlive/2023/texmf-dist/tex/latex/graphics-cfg/color.cfg
File: color.cfg 2016/01/02 v1.6 sample color configuration
)
Package xcolor Info: Driver file: pdftex.def on input line 227.

(/usr/local/texlive/2023/texmf-dist/tex/latex/graphics-def/pdftex.def
File: pdftex.def 2022/09/22 v1.2b Graphics/color driver for pdftex
)
(/usr/local/texlive/2023/texmf-dist/tex/latex/graphics/mathcolor.ltx)
Package xcolor Info: Model `cmy' substituted by `cmy0' on input line 1353.
Package xcolor Info: Model `hsb' substituted by `rgb' on input line 1357.
Package xcolor Info: Model `RGB' extended on input line 1369.
Package xcolor Info: Model `HTML' substituted by `rgb' on input line 1371.
Package xcolor Info: Model `Hsb' substituted by `hsb' on input line 1372.
Package xcolor Info: Model `tHsb' substituted by `hsb' on input line 1373.
Package xcolor Info: Model `HSB' substituted by `hsb' on input line 1374.
Package xcolor Info: Model `Gray' substituted by `gray' on input line 1375.
Package xcolor Info: Model `wave' substituted by `hsb' on input line 1376.
))
(/usr/local/texlive/2023/texmf-dist/tex/latex/graphics/graphicx.sty
Package: graphicx 2021/09/16 v1.2d Enhanced LaTeX Graphics (DPC,SPQR)

(/usr/local/texlive/2023/texmf-dist/tex/latex/graphics/graphics.sty
Package: graphics 2022/03/10 v1.4e Standard LaTeX Graphics (DPC,SPQR)

(/usr/local/texlive/2023/texmf-dist/tex/latex/graphics/trig.sty
Package: trig 2021/08/11 v1.11 sin cos tan (DPC)
)
(/usr/local/texlive/2023/texmf-dist/tex/latex/graphics-cfg/graphics.cfg
File: graphics.cfg 2016/06/04 v1.11 sample graphics configuration
)
Package graphics Info: Driver file: pdftex.def on input line 107.
)
\Gin@req@height=\dimen175
\Gin@req@width=\dimen176
)
\AM@pagewidth=\dimen177
\AM@pageheight=\dimen178
\AM@fboxrule=\dimen179

(/usr/local/texlive/2023/texmf-dist/tex/latex/pdfpages/pppdftex.def
File: pppdftex.def 2022/12/19 v0.5x Pdfpages driver for pdfTeX (AM)
)
\pdfpages@includegraphics@status=\count292
\AM@pagebox=\box55
\AM@global@opts=\toks27
\AM@pagecnt=\count293
\AM@toc@title=\toks28
\AM@lof@heading=\toks29
\c@AM@survey=\count294
\AM@templatesizebox=\box56
)
(./V_macros.tex)
LaTeX Font Info:    Trying to load font information for T1+lmr on input line 23
.
 (/usr/local/texlive/2023/texmf-dist/tex/latex/lm/t1lmr.fd
File: t1lmr.fd 2015/05/01 v1.6.1 Font defs for Latin Modern
)
(/usr/local/texlive/2023/texmf-dist/tex/latex/l3backend/l3backend-pdftex.def
File: l3backend-pdftex.def 2023-01-16 L3 backend support: PDF output (pdfTeX)
\l__color_backend_stack_int=\count295
\l__pdf_internal_box=\box57
)
(./P_clean.aux)
\openout1 = `P_clean.aux'.

LaTeX Font Info:    Checking defaults for OML/cmm/m/it on input line 23.
LaTeX Font Info:    ... okay on input line 23.
LaTeX Font Info:    Checking defaults for OMS/cmsy/m/n on input line 23.
LaTeX Font Info:    ... okay on input line 23.
LaTeX Font Info:    Checking defaults for OT1/cmr/m/n on input line 23.
LaTeX Font Info:    ... okay on input line 23.
LaTeX Font Info:    Checking defaults for T1/cmr/m/n on input line 23.
LaTeX Font Info:    ... okay on input line 23.
LaTeX Font Info:    Checking defaults for TS1/cmr/m/n on input line 23.
LaTeX Font Info:    ... okay on input line 23.
LaTeX Font Info:    Checking defaults for OMX/cmex/m/n on input line 23.
LaTeX Font Info:    ... okay on input line 23.
LaTeX Font Info:    Checking defaults for U/cmr/m/n on input line 23.
LaTeX Font Info:    ... okay on input line 23.
LaTeX Font Info:    Checking defaults for PD1/pdf/m/n on input line 23.
LaTeX Font Info:    ... okay on input line 23.
LaTeX Font Info:    Checking defaults for PU/pdf/m/n on input line 23.
LaTeX Font Info:    ... okay on input line 23.
LaTeX Info: Redefining \microtypecontext on input line 23.
Package microtype Info: Applying patch `item' on input line 23.
Package microtype Info: Applying patch `toc' on input line 23.
Package microtype Info: Applying patch `eqnum' on input line 23.


Package microtype Warning: Unable to apply patch `footnote' on input line 23.

Package microtype Info: Applying patch `verbatim' on input line 23.
Package microtype Info: Generating PDF output.
Package microtype Info: Character protrusion enabled (level 2).
Package microtype Info: Using default protrusion set `alltext'.
Package microtype Info: Automatic font expansion enabled (level 2),
(microtype)             stretch: 20, shrink: 20, step: 1, non-selected.
Package microtype Info: Using default expansion set `alltext-nott'.
LaTeX Info: Redefining \showhyphens on input line 23.
Package microtype Info: No adjustment of tracking.
Package microtype Info: No adjustment of interword spacing.
Package microtype Info: No adjustment of character kerning.
(/usr/local/texlive/2023/texmf-dist/tex/latex/microtype/mt-cmr.cfg
File: mt-cmr.cfg 2013/05/19 v2.2 microtype config. file: Computer Modern Roman 
(RS)
)
*geometry* driver: auto-detecting
*geometry* detected driver: pdftex
*geometry* verbose mode - [ preamble ] result:
* driver: pdftex
* paper: <default>
* layout: <same size as paper>
* layoutoffset:(h,v)=(0.0pt,0.0pt)
* modes: 
* h-part:(L,W,R)=(72.26999pt, 469.75502pt, 72.26999pt)
* v-part:(T,H,B)=(72.26999pt, 650.43001pt, 72.26999pt)
* \paperwidth=614.295pt
* \paperheight=794.96999pt
* \textwidth=469.75502pt
* \textheight=650.43001pt
* \oddsidemargin=0.0pt
* \evensidemargin=0.0pt
* \topmargin=-37.0pt
* \headheight=12.0pt
* \headsep=25.0pt
* \topskip=12.0pt
* \footskip=30.0pt
* \marginparwidth=44.0pt
* \marginparsep=10.0pt
* \columnsep=10.0pt
* \skip\footins=10.8pt plus 4.0pt minus 2.0pt
* \hoffset=0.0pt
* \voffset=0.0pt
* \mag=1000
* \@twocolumnfalse
* \@twosidefalse
* \@mparswitchfalse
* \@reversemarginfalse
* (1in=72.27pt=25.4mm, 1cm=28.453pt)

Package hyperref Info: Link coloring ON on input line 23.
(./P_clean.out) (./P_clean.out)
\@outlinefile=\write3
\openout3 = `P_clean.out'.


(/usr/local/texlive/2023/texmf-dist/tex/context/base/mkii/supp-pdf.mkii
[Loading MPS to PDF converter (version 2006.09.02).]
\scratchcounter=\count296
\scratchdimen=\dimen180
\scratchbox=\box58
\nofMPsegments=\count297
\nofMParguments=\count298
\everyMPshowfont=\toks30
\MPscratchCnt=\count299
\MPscratchDim=\dimen181
\MPnumerator=\count300
\makeMPintoPDFobject=\count301
\everyMPtoPDFconversion=\toks31
) (/usr/local/texlive/2023/texmf-dist/tex/latex/epstopdf-pkg/epstopdf-base.sty
Package: epstopdf-base 2020-01-24 v2.11 Base part for package epstopdf
Package epstopdf-base Info: Redefining graphics rule for `.eps' on input line 4
85.

(/usr/local/texlive/2023/texmf-dist/tex/latex/latexconfig/epstopdf-sys.cfg
File: epstopdf-sys.cfg 2010/07/13 v1.3 Configuration of (r)epstopdf for TeX Liv
e
))
(/usr/local/texlive/2023/texmf-dist/tex/latex/pdflscape/pdflscape.sty
Package: pdflscape 2022-10-27 v0.13 Display of landscape pages in PDF

(/usr/local/texlive/2023/texmf-dist/tex/latex/pdflscape/pdflscape-nometadata.st
y
Package: pdflscape-nometadata 2022-10-28 v0.13 Display of landscape pages in PD
F (HO)
 (/usr/local/texlive/2023/texmf-dist/tex/latex/graphics/lscape.sty
Package: lscape 2020/05/28 v3.02 Landscape Pages (DPC)
)
Package pdflscape Info: Auto-detected driver: pdftex on input line 81.
))
LaTeX Font Info:    Trying to load font information for OT1+lmr on input line 2
5.

(/usr/local/texlive/2023/texmf-dist/tex/latex/lm/ot1lmr.fd
File: ot1lmr.fd 2015/05/01 v1.6.1 Font defs for Latin Modern
)
LaTeX Font Info:    Trying to load font information for OML+lmm on input line 2
5.

(/usr/local/texlive/2023/texmf-dist/tex/latex/lm/omllmm.fd
File: omllmm.fd 2015/05/01 v1.6.1 Font defs for Latin Modern
)
LaTeX Font Info:    Trying to load font information for OMS+lmsy on input line 
25.

(/usr/local/texlive/2023/texmf-dist/tex/latex/lm/omslmsy.fd
File: omslmsy.fd 2015/05/01 v1.6.1 Font defs for Latin Modern
)
LaTeX Font Info:    Trying to load font information for OMX+lmex on input line 
25.

(/usr/local/texlive/2023/texmf-dist/tex/latex/lm/omxlmex.fd
File: omxlmex.fd 2015/05/01 v1.6.1 Font defs for Latin Modern
)
LaTeX Font Info:    External font `lmex10' loaded for size
(Font)              <14.4> on input line 25.
LaTeX Font Info:    External font `lmex10' loaded for size
(Font)              <10> on input line 25.
LaTeX Font Info:    External font `lmex10' loaded for size
(Font)              <7> on input line 25.
LaTeX Font Info:    Trying to load font information for U+msa on input line 25.


(/usr/local/texlive/2023/texmf-dist/tex/latex/amsfonts/umsa.fd
File: umsa.fd 2013/01/14 v3.01 AMS symbols A
)
(/usr/local/texlive/2023/texmf-dist/tex/latex/microtype/mt-msa.cfg
File: mt-msa.cfg 2006/02/04 v1.1 microtype config. file: AMS symbols (a) (RS)
)
LaTeX Font Info:    Trying to load font information for U+msb on input line 25.


(/usr/local/texlive/2023/texmf-dist/tex/latex/amsfonts/umsb.fd
File: umsb.fd 2013/01/14 v3.01 AMS symbols B
)
(/usr/local/texlive/2023/texmf-dist/tex/latex/microtype/mt-msb.cfg
File: mt-msb.cfg 2005/06/01 v1.0 microtype config. file: AMS symbols (b) (RS)
)
LaTeX Font Info:    External font `lmex10' loaded for size
(Font)              <10.95> on input line 27.
LaTeX Font Info:    External font `lmex10' loaded for size
(Font)              <8> on input line 27.
LaTeX Font Info:    External font `lmex10' loaded for size
(Font)              <6> on input line 27.
LaTeX Font Info:    Trying to load font information for OT1+lmss on input line 
27.

(/usr/local/texlive/2023/texmf-dist/tex/latex/lm/ot1lmss.fd
File: ot1lmss.fd 2015/05/01 v1.6.1 Font defs for Latin Modern
)
Package microtype Info: Loading generic protrusion settings for font family
(microtype)             `lmss' (encoding: OT1).
(microtype)             For optimal results, create family-specific settings.
(microtype)             See the microtype manual for details.
 (./P_clean.toc
LaTeX Font Info:    External font `lmex10' loaded for size
(Font)              <12> on input line 3.

[1

{/usr/local/texlive/2023/texmf-var/fonts/map/pdftex/updmap/pdftex.map}{/usr/loc
al/texlive/2023/texmf-dist/fonts/enc/dvips/lm/lm-ec.enc}{/usr/local/texlive/202
3/texmf-dist/fonts/enc/dvips/lm/lm-rm.enc}{/usr/local/texlive/2023/texmf-dist/f
onts/enc/dvips/lm/lm-mathsy.enc}])
\tf@toc=\write4
\openout4 = `P_clean.toc'.

 [2{/usr/local/texlive/2023/texmf-dist/fonts/enc/dvips/lm/lm-mathit.enc}] [3]

./P_clean.tex:95: Package pdfpages Error: Cannot find file `G1S.pdf'.

See the pdfpages package documentation for explanation.
Type  H <return>  for immediate help.
 ...                                              
                                                  
l.95 ...ction}{G1S: Order Monotonicity}}]{G1S.pdf}
                                                  
This error message was generated by an \errmessage
command, so I can't give any explicit help.
Pretend that you're Hercule Poirot: Examine all clues,
and deduce the truth by order and method.


./P_clean.tex:95: Package pdfpages Error: Cannot find file `-'.

See the pdfpages package documentation for explanation.
Type  H <return>  for immediate help.
 ...                                              
                                                  
l.95 ...ction}{G1S: Order Monotonicity}}]{G1S.pdf}
                                                  
(That was another \errmessage.)

./P_clean.tex:95: Undefined control sequence.
\AM@expand@range ...M@i \relax \@tempcntb =\AM@ii 
                                                  \relax \ifnum \@tempcnta <...
l.95 ...ction}{G1S: Order Monotonicity}}]{G1S.pdf}
                                                  
The control sequence at the end of the top line
of your error message was never \def'ed. If you have
misspelled it (e.g., `\hobx'), type `I' and the correct
spelling (e.g., `I\hbox'). Otherwise just continue,
and I'll forget about whatever was undefined.

./P_clean.tex:95: Missing number, treated as zero.
<to be read again> 
                   \relax 
l.95 ...ction}{G1S: Order Monotonicity}}]{G1S.pdf}
                                                  
A number should have been here; I inserted `0'.
(If you can't figure out why I needed to see a number,
look up `weird error' in the index to The TeXbook.)

./P_clean.tex:95: Undefined control sequence.
\AM@checkpagenumber #1->\ifnum #1>\AM@pagecount 
                                                \relax \ifthenelse {\boolean...
l.95 ...ction}{G1S: Order Monotonicity}}]{G1S.pdf}
                                                  
The control sequence at the end of the top line
of your error message was never \def'ed. If you have
misspelled it (e.g., `\hobx'), type `I' and the correct
spelling (e.g., `I\hbox'). Otherwise just continue,
and I'll forget about whatever was undefined.

./P_clean.tex:95: Missing number, treated as zero.
<to be read again> 
                   \relax 
l.95 ...ction}{G1S: Order Monotonicity}}]{G1S.pdf}
                                                  
A number should have been here; I inserted `0'.
(If you can't figure out why I needed to see a number,
look up `weird error' in the index to The TeXbook.)


./P_clean.tex:95: Package pdfpages Error: Page 1 of `\AM@currentdocname ' does 
not exist.

See the pdfpages package documentation for explanation.
Type  H <return>  for immediate help.
 ...                                              
                                                  
l.95 ...ction}{G1S: Order Monotonicity}}]{G1S.pdf}
                                                  
You have set a wrong page number in the `pages' option. Document 
`\AM@currentdocname ' does not have 1 pages.

./P_clean.tex:95: Undefined control sequence.
\AM@checkpagenumber #1->\ifnum #1>\AM@pagecount 
                                                \relax \ifthenelse {\boolean...
l.95 ...ction}{G1S: Order Monotonicity}}]{G1S.pdf}
                                                  
The control sequence at the end of the top line
of your error message was never \def'ed. If you have
misspelled it (e.g., `\hobx'), type `I' and the correct
spelling (e.g., `I\hbox'). Otherwise just continue,
and I'll forget about whatever was undefined.

./P_clean.tex:95: Missing number, treated as zero.
<to be read again> 
                   \relax 
l.95 ...ction}{G1S: Order Monotonicity}}]{G1S.pdf}
                                                  
A number should have been here; I inserted `0'.
(If you can't figure out why I needed to see a number,
look up `weird error' in the index to The TeXbook.)

<G2S.pdf, id=135, 614.295pt x 794.97pt>
File: G2S.pdf Graphic file (type pdf)
<use G2S.pdf>
Package pdftex.def Info: G2S.pdf  used on input line 96.
(pdftex.def)             Requested size: 614.29349pt x 794.96806pt.
File: G2S.pdf Graphic file (type pdf)
<use G2S.pdf>
Package pdftex.def Info: G2S.pdf  used on input line 96.
(pdftex.def)             Requested size: 614.29349pt x 794.96806pt.
<G2S.pdf, id=138, page=1, 614.295pt x 794.97pt>
File: G2S.pdf Graphic file (type pdf)
<use G2S.pdf, page 1>
Package pdftex.def Info: G2S.pdf , page1 used on input line 96.
(pdftex.def)             Requested size: 614.29349pt x 794.96806pt.
File: G2S.pdf Graphic file (type pdf)
<use G2S.pdf, page 1>
Package pdftex.def Info: G2S.pdf , page1 used on input line 96.
(pdftex.def)             Requested size: 614.58406pt x 795.3441pt.
[4]
File: G2S.pdf Graphic file (type pdf)
<use G2S.pdf, page 1>
Package pdftex.def Info: G2S.pdf , page1 used on input line 96.
(pdftex.def)             Requested size: 614.58406pt x 795.3441pt.
File: G2S.pdf Graphic file (type pdf)
<use G2S.pdf, page 1>
Package pdftex.def Info: G2S.pdf , page1 used on input line 96.
(pdftex.def)             Requested size: 614.58406pt x 795.3441pt.
File: G2S.pdf Graphic file (type pdf)
<use G2S.pdf, page 1>
Package pdftex.def Info: G2S.pdf , page1 used on input line 96.
(pdftex.def)             Requested size: 614.58406pt x 795.3441pt.
 [5 <./G2S.pdf>]
<G2S.pdf, id=227, page=2, 614.295pt x 794.97pt>
File: G2S.pdf Graphic file (type pdf)
<use G2S.pdf, page 2>
Package pdftex.def Info: G2S.pdf , page2 used on input line 96.
(pdftex.def)             Requested size: 614.58406pt x 795.3441pt.
File: G2S.pdf Graphic file (type pdf)
<use G2S.pdf, page 2>
Package pdftex.def Info: G2S.pdf , page2 used on input line 96.
(pdftex.def)             Requested size: 614.58406pt x 795.3441pt.
File: G2S.pdf Graphic file (type pdf)
<use G2S.pdf, page 2>
Package pdftex.def Info: G2S.pdf , page2 used on input line 96.
(pdftex.def)             Requested size: 614.58406pt x 795.3441pt.
 [6 <./G2S.pdf>]
<G2S.pdf, id=250, page=3, 614.295pt x 794.97pt>
File: G2S.pdf Graphic file (type pdf)
<use G2S.pdf, page 3>
Package pdftex.def Info: G2S.pdf , page3 used on input line 96.
(pdftex.def)             Requested size: 614.58406pt x 795.3441pt.
File: G2S.pdf Graphic file (type pdf)
<use G2S.pdf, page 3>
Package pdftex.def Info: G2S.pdf , page3 used on input line 96.
(pdftex.def)             Requested size: 614.58406pt x 795.3441pt.
File: G2S.pdf Graphic file (type pdf)
<use G2S.pdf, page 3>
Package pdftex.def Info: G2S.pdf , page3 used on input line 96.
(pdftex.def)             Requested size: 614.58406pt x 795.3441pt.
 [7 <./G2S.pdf>]
<G2S.pdf, id=256, page=4, 614.295pt x 794.97pt>
File: G2S.pdf Graphic file (type pdf)
<use G2S.pdf, page 4>
Package pdftex.def Info: G2S.pdf , page4 used on input line 96.
(pdftex.def)             Requested size: 614.58406pt x 795.3441pt.
File: G2S.pdf Graphic file (type pdf)
<use G2S.pdf, page 4>
Package pdftex.def Info: G2S.pdf , page4 used on input line 96.
(pdftex.def)             Requested size: 614.58406pt x 795.3441pt.
File: G2S.pdf Graphic file (type pdf)
<use G2S.pdf, page 4>
Package pdftex.def Info: G2S.pdf , page4 used on input line 96.
(pdftex.def)             Requested size: 614.58406pt x 795.3441pt.
 [8 <./G2S.pdf>]
<G3S.pdf, id=261, 614.295pt x 794.97pt>
File: G3S.pdf Graphic file (type pdf)
<use G3S.pdf>
Package pdftex.def Info: G3S.pdf  used on input line 97.
(pdftex.def)             Requested size: 614.29349pt x 794.96806pt.
File: G3S.pdf Graphic file (type pdf)
<use G3S.pdf>
Package pdftex.def Info: G3S.pdf  used on input line 97.
(pdftex.def)             Requested size: 614.29349pt x 794.96806pt.
<G3S.pdf, id=264, page=1, 614.295pt x 794.97pt>
File: G3S.pdf Graphic file (type pdf)
<use G3S.pdf, page 1>
Package pdftex.def Info: G3S.pdf , page1 used on input line 97.
(pdftex.def)             Requested size: 614.29349pt x 794.96806pt.
File: G3S.pdf Graphic file (type pdf)
<use G3S.pdf, page 1>
Package pdftex.def Info: G3S.pdf , page1 used on input line 97.
(pdftex.def)             Requested size: 614.58406pt x 795.3441pt.
File: G3S.pdf Graphic file (type pdf)
<use G3S.pdf, page 1>
Package pdftex.def Info: G3S.pdf , page1 used on input line 97.
(pdftex.def)             Requested size: 614.58406pt x 795.3441pt.
File: G3S.pdf Graphic file (type pdf)
<use G3S.pdf, page 1>
Package pdftex.def Info: G3S.pdf , page1 used on input line 97.
(pdftex.def)             Requested size: 614.58406pt x 795.3441pt.
File: G3S.pdf Graphic file (type pdf)
<use G3S.pdf, page 1>
Package pdftex.def Info: G3S.pdf , page1 used on input line 97.
(pdftex.def)             Requested size: 614.58406pt x 795.3441pt.
 [9 <./G3S.pdf>]
<G3S.pdf, id=310, page=2, 614.295pt x 794.97pt>
File: G3S.pdf Graphic file (type pdf)
<use G3S.pdf, page 2>
Package pdftex.def Info: G3S.pdf , page2 used on input line 97.
(pdftex.def)             Requested size: 614.58406pt x 795.3441pt.
File: G3S.pdf Graphic file (type pdf)
<use G3S.pdf, page 2>
Package pdftex.def Info: G3S.pdf , page2 used on input line 97.
(pdftex.def)             Requested size: 614.58406pt x 795.3441pt.
File: G3S.pdf Graphic file (type pdf)
<use G3S.pdf, page 2>
Package pdftex.def Info: G3S.pdf , page2 used on input line 97.
(pdftex.def)             Requested size: 614.58406pt x 795.3441pt.
 [10 <./G3S.pdf>]
<G3S.pdf, id=334, page=3, 614.295pt x 794.97pt>
File: G3S.pdf Graphic file (type pdf)
<use G3S.pdf, page 3>
Package pdftex.def Info: G3S.pdf , page3 used on input line 97.
(pdftex.def)             Requested size: 614.58406pt x 795.3441pt.
File: G3S.pdf Graphic file (type pdf)
<use G3S.pdf, page 3>
Package pdftex.def Info: G3S.pdf , page3 used on input line 97.
(pdftex.def)             Requested size: 614.58406pt x 795.3441pt.
File: G3S.pdf Graphic file (type pdf)
<use G3S.pdf, page 3>
Package pdftex.def Info: G3S.pdf , page3 used on input line 97.
(pdftex.def)             Requested size: 614.58406pt x 795.3441pt.
 [11 <./G3S.pdf>]
<G4S.pdf, id=339, 614.295pt x 794.97pt>
File: G4S.pdf Graphic file (type pdf)
<use G4S.pdf>
Package pdftex.def Info: G4S.pdf  used on input line 98.
(pdftex.def)             Requested size: 614.29349pt x 794.96806pt.
File: G4S.pdf Graphic file (type pdf)
<use G4S.pdf>
Package pdftex.def Info: G4S.pdf  used on input line 98.
(pdftex.def)             Requested size: 614.29349pt x 794.96806pt.
<G4S.pdf, id=342, page=1, 614.295pt x 794.97pt>
File: G4S.pdf Graphic file (type pdf)
<use G4S.pdf, page 1>
Package pdftex.def Info: G4S.pdf , page1 used on input line 98.
(pdftex.def)             Requested size: 614.29349pt x 794.96806pt.
File: G4S.pdf Graphic file (type pdf)
<use G4S.pdf, page 1>
Package pdftex.def Info: G4S.pdf , page1 used on input line 98.
(pdftex.def)             Requested size: 614.58406pt x 795.3441pt.
File: G4S.pdf Graphic file (type pdf)
<use G4S.pdf, page 1>
Package pdftex.def Info: G4S.pdf , page1 used on input line 98.
(pdftex.def)             Requested size: 614.58406pt x 795.3441pt.
File: G4S.pdf Graphic file (type pdf)
<use G4S.pdf, page 1>
Package pdftex.def Info: G4S.pdf , page1 used on input line 98.
(pdftex.def)             Requested size: 614.58406pt x 795.3441pt.
File: G4S.pdf Graphic file (type pdf)
<use G4S.pdf, page 1>
Package pdftex.def Info: G4S.pdf , page1 used on input line 98.
(pdftex.def)             Requested size: 614.58406pt x 795.3441pt.
 [12 <./G4S.pdf>]
<G4S.pdf, id=376, page=2, 614.295pt x 794.97pt>
File: G4S.pdf Graphic file (type pdf)
<use G4S.pdf, page 2>
Package pdftex.def Info: G4S.pdf , page2 used on input line 98.
(pdftex.def)             Requested size: 614.58406pt x 795.3441pt.
File: G4S.pdf Graphic file (type pdf)
<use G4S.pdf, page 2>
Package pdftex.def Info: G4S.pdf , page2 used on input line 98.
(pdftex.def)             Requested size: 614.58406pt x 795.3441pt.
File: G4S.pdf Graphic file (type pdf)
<use G4S.pdf, page 2>
Package pdftex.def Info: G4S.pdf , page2 used on input line 98.
(pdftex.def)             Requested size: 614.58406pt x 795.3441pt.
 [13 <./G4S.pdf>]
<G5S.pdf, id=390, 614.295pt x 794.97pt>
File: G5S.pdf Graphic file (type pdf)
<use G5S.pdf>
Package pdftex.def Info: G5S.pdf  used on input line 99.
(pdftex.def)             Requested size: 614.29349pt x 794.96806pt.
File: G5S.pdf Graphic file (type pdf)
<use G5S.pdf>
Package pdftex.def Info: G5S.pdf  used on input line 99.
(pdftex.def)             Requested size: 614.29349pt x 794.96806pt.
<G5S.pdf, id=393, page=1, 614.295pt x 794.97pt>
File: G5S.pdf Graphic file (type pdf)
<use G5S.pdf, page 1>
Package pdftex.def Info: G5S.pdf , page1 used on input line 99.
(pdftex.def)             Requested size: 614.29349pt x 794.96806pt.
File: G5S.pdf Graphic file (type pdf)
<use G5S.pdf, page 1>
Package pdftex.def Info: G5S.pdf , page1 used on input line 99.
(pdftex.def)             Requested size: 614.58406pt x 795.3441pt.
File: G5S.pdf Graphic file (type pdf)
<use G5S.pdf, page 1>
Package pdftex.def Info: G5S.pdf , page1 used on input line 99.
(pdftex.def)             Requested size: 614.58406pt x 795.3441pt.
File: G5S.pdf Graphic file (type pdf)
<use G5S.pdf, page 1>
Package pdftex.def Info: G5S.pdf , page1 used on input line 99.
(pdftex.def)             Requested size: 614.58406pt x 795.3441pt.
File: G5S.pdf Graphic file (type pdf)
<use G5S.pdf, page 1>
Package pdftex.def Info: G5S.pdf , page1 used on input line 99.
(pdftex.def)             Requested size: 614.58406pt x 795.3441pt.

[14 <./G5S.pdf>]
<G5S.pdf, id=435, page=2, 614.295pt x 794.97pt>
File: G5S.pdf Graphic file (type pdf)
<use G5S.pdf, page 2>
Package pdftex.def Info: G5S.pdf , page2 used on input line 99.
(pdftex.def)             Requested size: 614.58406pt x 795.3441pt.
File: G5S.pdf Graphic file (type pdf)
<use G5S.pdf, page 2>
Package pdftex.def Info: G5S.pdf , page2 used on input line 99.
(pdftex.def)             Requested size: 614.58406pt x 795.3441pt.
File: G5S.pdf Graphic file (type pdf)
<use G5S.pdf, page 2>
Package pdftex.def Info: G5S.pdf , page2 used on input line 99.
(pdftex.def)             Requested size: 614.58406pt x 795.3441pt.
 [15 <./G5S.pdf>]
<G5S.pdf, id=448, page=3, 614.295pt x 794.97pt>
File: G5S.pdf Graphic file (type pdf)
<use G5S.pdf, page 3>
Package pdftex.def Info: G5S.pdf , page3 used on input line 99.
(pdftex.def)             Requested size: 614.58406pt x 795.3441pt.
File: G5S.pdf Graphic file (type pdf)
<use G5S.pdf, page 3>
Package pdftex.def Info: G5S.pdf , page3 used on input line 99.
(pdftex.def)             Requested size: 614.58406pt x 795.3441pt.
File: G5S.pdf Graphic file (type pdf)
<use G5S.pdf, page 3>
Package pdftex.def Info: G5S.pdf , page3 used on input line 99.
(pdftex.def)             Requested size: 614.58406pt x 795.3441pt.
 [16 <./G5S.pdf>] (./P_clean.aux)
Package rerunfilecheck Info: File `P_clean.out' has not changed.
(rerunfilecheck)             Checksum: 82BB1477805CC510E59CA90DD2B16138;4009.
 ) 
Here is how much of TeX's memory you used:
 14838 strings out of 476025
 236825 string characters out of 5790017
 1862388 words of memory out of 5000000
 34833 multiletter control sequences out of 15000+600000
 607495 words of font info for 169 fonts, out of 8000000 for 9000
 1141 hyphenation exceptions out of 8191
 75i,17n,76p,1004b,577s stack positions out of 10000i,1000n,20000p,200000b,200000s
</usr/local/texlive/2023/texmf-dist/fonts/type1/public/amsfonts/cm/cmbx12.pfb
></usr/local/texlive/2023/texmf-dist/fonts/type1/public/amsfonts/cm/cmbx8.pfb><
/usr/local/texlive/2023/texmf-dist/fonts/type1/public/amsfonts/cm/cmbxti10.pfb>
</usr/local/texlive/2023/texmf-dist/fonts/type1/public/amsfonts/cm/cmex10.pfb><
/usr/local/texlive/2023/texmf-dist/fonts/type1/public/amsfonts/cm/cmmi12.pfb></
usr/local/texlive/2023/texmf-dist/fonts/type1/public/amsfonts/cm/cmmi6.pfb></us
r/local/texlive/2023/texmf-dist/fonts/type1/public/amsfonts/cm/cmmi8.pfb></usr/
local/texlive/2023/texmf-dist/fonts/type1/public/amsfonts/cm/cmr10.pfb></usr/lo
cal/texlive/2023/texmf-dist/fonts/type1/public/amsfonts/cm/cmr12.pfb></usr/loca
l/texlive/2023/texmf-dist/fonts/type1/public/amsfonts/cm/cmr17.pfb></usr/local/
texlive/2023/texmf-dist/fonts/type1/public/amsfonts/cm/cmr6.pfb></usr/local/tex
live/2023/texmf-dist/fonts/type1/public/amsfonts/cm/cmr8.pfb></usr/local/texliv
e/2023/texmf-dist/fonts/type1/public/amsfonts/cm/cmss12.pfb></usr/local/texlive
/2023/texmf-dist/fonts/type1/public/amsfonts/cm/cmss8.pfb></usr/local/texlive/2
023/texmf-dist/fonts/type1/public/amsfonts/cm/cmsy10.pfb></usr/local/texlive/20
23/texmf-dist/fonts/type1/public/amsfonts/cm/cmsy8.pfb></usr/local/texlive/2023
/texmf-dist/fonts/type1/public/amsfonts/cm/cmti12.pfb></usr/local/texlive/2023/
texmf-dist/fonts/type1/public/lm/lmbx10.pfb></usr/local/texlive/2023/texmf-dist
/fonts/type1/public/lm/lmbx12.pfb></usr/local/texlive/2023/texmf-dist/fonts/typ
e1/public/lm/lmmi12.pfb></usr/local/texlive/2023/texmf-dist/fonts/type1/public/
lm/lmmi8.pfb></usr/local/texlive/2023/texmf-dist/fonts/type1/public/lm/lmr10.pf
b></usr/local/texlive/2023/texmf-dist/fonts/type1/public/lm/lmr12.pfb></usr/loc
al/texlive/2023/texmf-dist/fonts/type1/public/lm/lmr8.pfb></usr/local/texlive/2
023/texmf-dist/fonts/type1/public/lm/lmss10.pfb></usr/local/texlive/2023/texmf-
dist/fonts/type1/public/lm/lmss12.pfb></usr/local/texlive/2023/texmf-dist/fonts
/type1/public/lm/lmsy10.pfb></usr/local/texlive/2023/texmf-dist/fonts/type1/pub
lic/amsfonts/symbols/msbm10.pfb></usr/local/texlive/2023/texmf-dist/fonts/type1
/public/cm-super/sfrm1200.pfb>
Output written on P_clean.pdf (16 pages, 463142 bytes).
PDF statistics:
 546 PDF objects out of 1000 (max. 8388607)
 405 compressed objects within 5 object streams
 43 named destinations out of 1000 (max. 500000)
 55569 words of extra memory for PDF output out of 61914 (max. 10000000)

