This is pdfTeX, Version 3.141592653-2.6-1.40.25 (TeX Live 2023) (preloaded format=pdflatex 2023.4.16)  9 NOV 2025 11:32
entering extended mode
 restricted \write18 enabled.
 %&-line parsing enabled.
**hilbert.tex
(./hilbert.tex
LaTeX2e <2022-11-01> patch level 1
L3 programming layer <2023-02-22>
(/usr/local/texlive/2023/texmf-dist/tex/latex/base/book.cls
Document Class: book 2022/07/02 v1.4n Standard LaTeX document class
(/usr/local/texlive/2023/texmf-dist/tex/latex/base/bk12.clo
File: bk12.clo 2022/07/02 v1.4n Standard LaTeX file (size option)
)
\c@part=\count185
\c@chapter=\count186
\c@section=\count187
\c@subsection=\count188
\c@subsubsection=\count189
\c@paragraph=\count190
\c@subparagraph=\count191
\c@figure=\count192
\c@table=\count193
\abovecaptionskip=\skip48
\belowcaptionskip=\skip49
\bibindent=\dimen140
)
(/usr/local/texlive/2023/texmf-dist/tex/latex/amscls/amsthm.sty
Package: amsthm 2020/05/29 v2.20.6
\thm@style=\toks16
\thm@bodyfont=\toks17
\thm@headfont=\toks18
\thm@notefont=\toks19
\thm@headpunct=\toks20
\thm@preskip=\skip50
\thm@postskip=\skip51
\thm@headsep=\skip52
\dth@everypar=\toks21
)
(/usr/local/texlive/2023/texmf-dist/tex/latex/amsfonts/amssymb.sty
Package: amssymb 2013/01/14 v3.01 AMS font symbols

(/usr/local/texlive/2023/texmf-dist/tex/latex/amsfonts/amsfonts.sty
Package: amsfonts 2013/01/14 v3.01 Basic AMSFonts support
\@emptytoks=\toks22
\symAMSa=\mathgroup4
\symAMSb=\mathgroup5
LaTeX Font Info:    Redeclaring math symbol \hbar on input line 98.
LaTeX Font Info:    Overwriting math alphabet `\mathfrak' in version `bold'
(Font)                  U/euf/m/n --> U/euf/b/n on input line 106.
))
(/usr/local/texlive/2023/texmf-dist/tex/latex/amsmath/amsmath.sty
Package: amsmath 2022/04/08 v2.17n AMS math features
\@mathmargin=\skip53

For additional information on amsmath, use the `?' option.
(/usr/local/texlive/2023/texmf-dist/tex/latex/amsmath/amstext.sty
Package: amstext 2021/08/26 v2.01 AMS text

(/usr/local/texlive/2023/texmf-dist/tex/latex/amsmath/amsgen.sty
File: amsgen.sty 1999/11/30 v2.0 generic functions
\@emptytoks=\toks23
\ex@=\dimen141
))
(/usr/local/texlive/2023/texmf-dist/tex/latex/amsmath/amsbsy.sty
Package: amsbsy 1999/11/29 v1.2d Bold Symbols
\pmbraise@=\dimen142
)
(/usr/local/texlive/2023/texmf-dist/tex/latex/amsmath/amsopn.sty
Package: amsopn 2022/04/08 v2.04 operator names
)
\inf@bad=\count194
LaTeX Info: Redefining \frac on input line 234.
\uproot@=\count195
\leftroot@=\count196
LaTeX Info: Redefining \overline on input line 399.
LaTeX Info: Redefining \colon on input line 410.
\classnum@=\count197
\DOTSCASE@=\count198
LaTeX Info: Redefining \ldots on input line 496.
LaTeX Info: Redefining \dots on input line 499.
LaTeX Info: Redefining \cdots on input line 620.
\Mathstrutbox@=\box51
\strutbox@=\box52
LaTeX Info: Redefining \big on input line 722.
LaTeX Info: Redefining \Big on input line 723.
LaTeX Info: Redefining \bigg on input line 724.
LaTeX Info: Redefining \Bigg on input line 725.
\big@size=\dimen143
LaTeX Font Info:    Redeclaring font encoding OML on input line 743.
LaTeX Font Info:    Redeclaring font encoding OMS on input line 744.
\macc@depth=\count199
LaTeX Info: Redefining \bmod on input line 905.
LaTeX Info: Redefining \pmod on input line 910.
LaTeX Info: Redefining \smash on input line 940.
LaTeX Info: Redefining \relbar on input line 970.
LaTeX Info: Redefining \Relbar on input line 971.
\c@MaxMatrixCols=\count266
\dotsspace@=\muskip16
\c@parentequation=\count267
\dspbrk@lvl=\count268
\tag@help=\toks24
\row@=\count269
\column@=\count270
\maxfields@=\count271
\andhelp@=\toks25
\eqnshift@=\dimen144
\alignsep@=\dimen145
\tagshift@=\dimen146
\tagwidth@=\dimen147
\totwidth@=\dimen148
\lineht@=\dimen149
\@envbody=\toks26
\multlinegap=\skip54
\multlinetaggap=\skip55
\mathdisplay@stack=\toks27
LaTeX Info: Redefining \[ on input line 2953.
LaTeX Info: Redefining \] on input line 2954.
)
(/usr/local/texlive/2023/texmf-dist/tex/latex/mathtools/mathtools.sty
Package: mathtools 2022/06/29 v1.29 mathematical typesetting tools

(/usr/local/texlive/2023/texmf-dist/tex/latex/graphics/keyval.sty
Package: keyval 2022/05/29 v1.15 key=value parser (DPC)
\KV@toks@=\toks28
)
(/usr/local/texlive/2023/texmf-dist/tex/latex/tools/calc.sty
Package: calc 2017/05/25 v4.3 Infix arithmetic (KKT,FJ)
\calc@Acount=\count272
\calc@Bcount=\count273
\calc@Adimen=\dimen150
\calc@Bdimen=\dimen151
\calc@Askip=\skip56
\calc@Bskip=\skip57
LaTeX Info: Redefining \setlength on input line 80.
LaTeX Info: Redefining \addtolength on input line 81.
\calc@Ccount=\count274
\calc@Cskip=\skip58
)
(/usr/local/texlive/2023/texmf-dist/tex/latex/mathtools/mhsetup.sty
Package: mhsetup 2021/03/18 v1.4 programming setup (MH)
)
\g_MT_multlinerow_int=\count275
\l_MT_multwidth_dim=\dimen152
\origjot=\skip59
\l_MT_shortvdotswithinadjustabove_dim=\dimen153
\l_MT_shortvdotswithinadjustbelow_dim=\dimen154
\l_MT_above_intertext_sep=\dimen155
\l_MT_below_intertext_sep=\dimen156
\l_MT_above_shortintertext_sep=\dimen157
\l_MT_below_shortintertext_sep=\dimen158
\xmathstrut@box=\box53
\xmathstrut@dim=\dimen159
)
(/usr/local/texlive/2023/texmf-dist/tex/latex/setspace/setspace.sty
Package: setspace 2022/12/04 v6.7b set line spacing
)
(/usr/local/texlive/2023/texmf-dist/tex/latex/thmtools/thmtools.sty
Package: thmtools 2023/02/17 v0.75
\thmt@toks=\toks29
\c@thmt@dummyctr=\count276

(/usr/local/texlive/2023/texmf-dist/tex/latex/thmtools/thm-patch.sty
Package: thm-patch 2023/02/17 v0.75

(/usr/local/texlive/2023/texmf-dist/tex/latex/thmtools/parseargs.sty
Package: parseargs 2023/02/17 v0.75
\@parsespec=\toks30
))
(/usr/local/texlive/2023/texmf-dist/tex/latex/thmtools/thm-kv.sty
Package: thm-kv 2023/02/17 v0.75
Package thm-kv Info: Theorem names will be uppercased on input line 42.

(/usr/local/texlive/2023/texmf-dist/tex/latex/kvsetkeys/kvsetkeys.sty
Package: kvsetkeys 2022-10-05 v1.19 Key value parser (HO)
)
Package thm-kv Info: kvsetkeys patch (v1.16 or later) on input line 158.
)
(/usr/local/texlive/2023/texmf-dist/tex/latex/thmtools/thm-autoref.sty
Package: thm-autoref 2023/02/17 v0.75

(/usr/local/texlive/2023/texmf-dist/tex/latex/thmtools/aliasctr.sty
Package: aliasctr 2023/02/17 v0.75
))
(/usr/local/texlive/2023/texmf-dist/tex/latex/thmtools/thm-listof.sty
Package: thm-listof 2023/02/17 v0.75
)
(/usr/local/texlive/2023/texmf-dist/tex/latex/thmtools/thm-restate.sty
Package: thm-restate 2023/02/17 v0.75
)
(/usr/local/texlive/2023/texmf-dist/tex/latex/thmtools/thm-amsthm.sty
Package: thm-amsthm 2023/02/17 v0.75
\thmt@style@headstyle=\toks31
))
(/usr/local/texlive/2023/texmf-dist/tex/latex/titling/titling.sty
Package: titling 2009/09/04 v2.1d maketitle typesetting
\thanksmarkwidth=\skip60
\thanksmargin=\skip61
\droptitle=\skip62
)
(/usr/local/texlive/2023/texmf-dist/tex/latex/tocloft/tocloft.sty
Package: tocloft 2017/08/31 v2.3i parameterised ToC, etc., typesetting
Package tocloft Info: The document has chapter divisions on input line 51.
\cftparskip=\skip63
\cftbeforetoctitleskip=\skip64
\cftaftertoctitleskip=\skip65
\cftbeforepartskip=\skip66
\cftpartnumwidth=\skip67
\cftpartindent=\skip68
\cftbeforechapskip=\skip69
\cftchapindent=\skip70
\cftchapnumwidth=\skip71
\cftbeforesecskip=\skip72
\cftsecindent=\skip73
\cftsecnumwidth=\skip74
\cftbeforesubsecskip=\skip75
\cftsubsecindent=\skip76
\cftsubsecnumwidth=\skip77
\cftbeforesubsubsecskip=\skip78
\cftsubsubsecindent=\skip79
\cftsubsubsecnumwidth=\skip80
\cftbeforeparaskip=\skip81
\cftparaindent=\skip82
\cftparanumwidth=\skip83
\cftbeforesubparaskip=\skip84
\cftsubparaindent=\skip85
\cftsubparanumwidth=\skip86
\cftbeforeloftitleskip=\skip87
\cftafterloftitleskip=\skip88
\cftbeforefigskip=\skip89
\cftfigindent=\skip90
\cftfignumwidth=\skip91
\c@lofdepth=\count277
\c@lotdepth=\count278
\cftbeforelottitleskip=\skip92
\cftafterlottitleskip=\skip93
\cftbeforetabskip=\skip94
\cfttabindent=\skip95
\cfttabnumwidth=\skip96
)
(/usr/local/texlive/2023/texmf-dist/tex/latex/glossaries/base/glossaries.sty
Package: glossaries 2022/11/03 v4.52 (NLCT)

(/usr/local/texlive/2023/texmf-dist/tex/latex/base/ifthen.sty
Package: ifthen 2022/04/13 v1.1d Standard LaTeX ifthen package (DPC)
)
(/usr/local/texlive/2023/texmf-dist/tex/latex/xkeyval/xkeyval.sty
Package: xkeyval 2022/06/16 v2.9 package option processing (HA)

(/usr/local/texlive/2023/texmf-dist/tex/generic/xkeyval/xkeyval.tex
(/usr/local/texlive/2023/texmf-dist/tex/generic/xkeyval/xkvutils.tex
\XKV@toks=\toks32
\XKV@tempa@toks=\toks33
)
\XKV@depth=\count279
File: xkeyval.tex 2014/12/03 v2.7a key=value parser (HA)
))
(/usr/local/texlive/2023/texmf-dist/tex/latex/mfirstuc/mfirstuc.sty
Package: mfirstuc 2022/10/14 v2.08 (NLCT)

(/usr/local/texlive/2023/texmf-dist/tex/latex/etoolbox/etoolbox.sty
Package: etoolbox 2020/10/05 v2.5k e-TeX tools for LaTeX (JAW)
\etb@tempcnta=\count280
)
\@glsmfirst=\toks34
\@glsmrest=\toks35
)
(/usr/local/texlive/2023/texmf-dist/tex/latex/xfor/xfor.sty
Package: xfor 2009/02/05 v1.05 (NLCT)
)
(/usr/local/texlive/2023/texmf-dist/tex/latex/datatool/datatool-base.sty
Package: datatool-base 2019/09/27 v2.32 (NLCT)

(/usr/local/texlive/2023/texmf-dist/tex/latex/substr/substr.sty
Package: substr 2009/10/20 v1.2 Handle substrings
\c@su@anzahl=\count281
)
(/usr/local/texlive/2023/texmf-dist/tex/latex/datatool/datatool-fp.sty
Package: datatool-fp 2019/09/27 v2.32 (NLCT)

(/usr/local/texlive/2023/texmf-dist/tex/latex/fp/fp.sty
Package: fp 1995/04/02

`Fixed Point Package', Version 0.8, April 2, 1995 (C) Michael Mehlich
(/usr/local/texlive/2023/texmf-dist/tex/latex/fp/defpattern.sty
Package: defpattern 1994/10/12
\actioncount=\count282
)
(/usr/local/texlive/2023/texmf-dist/tex/latex/fp/fp-basic.sty
Package: fp-basic 1996/05/13
\FP@xs=\count283
\FP@xia=\count284
\FP@xib=\count285
\FP@xfa=\count286
\FP@xfb=\count287
\FP@rega=\count288
\FP@regb=\count289
\FP@regs=\count290
\FP@times=\count291
)
(/usr/local/texlive/2023/texmf-dist/tex/latex/fp/fp-addons.sty
Package: fp-addons 1995/03/15
)
(/usr/local/texlive/2023/texmf-dist/tex/latex/fp/fp-snap.sty
Package: fp-snap 1995/04/05
)
(/usr/local/texlive/2023/texmf-dist/tex/latex/fp/fp-exp.sty
Package: fp-exp 1995/04/03
)
(/usr/local/texlive/2023/texmf-dist/tex/latex/fp/fp-trigo.sty
Package: fp-trigo 1995/04/14
)
(/usr/local/texlive/2023/texmf-dist/tex/latex/fp/fp-pas.sty
Package: fp-pas 1994/08/29
)
(/usr/local/texlive/2023/texmf-dist/tex/latex/fp/fp-random.sty
Package: fp-random 1995/02/23
\FPseed=\count292
)
(/usr/local/texlive/2023/texmf-dist/tex/latex/fp/fp-eqn.sty
Package: fp-eqn 1995/04/03
)
(/usr/local/texlive/2023/texmf-dist/tex/latex/fp/fp-upn.sty
Package: fp-upn 1996/10/21
)
(/usr/local/texlive/2023/texmf-dist/tex/latex/fp/fp-eval.sty
Package: fp-eval 1995/04/03
)))
\@dtl@toks=\toks36
\@dtl@tmpcount=\count293
\dtl@tmplength=\skip97
\dtl@sortresult=\count294
\@dtl@numgrpsepcount=\count295
\@dtl@datatype=\count296
\dtl@codeA=\count297
\dtl@codeB=\count298
\@dtl@foreach@level=\count299
)
\gls@level=\count300
\@gls@tmpb=\toks37
\gls@tmplen=\skip98
\glskeylisttok=\toks38
\glslabeltok=\toks39
\glsshorttok=\toks40
\glslongtok=\toks41

(/usr/local/texlive/2023/texmf-dist/tex/latex/glossaries/styles/glossary-hypern
av.sty
Package: glossary-hypernav 2022/11/03 v4.52 (NLCT)
)
(/usr/local/texlive/2023/texmf-dist/tex/latex/glossaries/styles/glossary-list.s
ty
Package: glossary-list 2022/11/03 v4.52 (NLCT)
\glslistdottedwidth=\skip99
)
(/usr/local/texlive/2023/texmf-dist/tex/latex/glossaries/styles/glossary-long.s
ty
Package: glossary-long 2022/11/03 v4.52 (NLCT)
 (/usr/local/texlive/2023/texmf-dist/tex/latex/tools/longtable.sty
Package: longtable 2021-09-01 v4.17 Multi-page Table package (DPC)
\LTleft=\skip100
\LTright=\skip101
\LTpre=\skip102
\LTpost=\skip103
\LTchunksize=\count301
\LTcapwidth=\dimen160
\LT@head=\box54
\LT@firsthead=\box55
\LT@foot=\box56
\LT@lastfoot=\box57
\LT@gbox=\box58
\LT@cols=\count302
\LT@rows=\count303
\c@LT@tables=\count304
\c@LT@chunks=\count305
\LT@p@ftn=\toks42
)
\glsdescwidth=\skip104
\glspagelistwidth=\skip105
)
(/usr/local/texlive/2023/texmf-dist/tex/latex/glossaries/styles/glossary-super.
sty
Package: glossary-super 2022/11/03 v4.52 (NLCT)
 (/usr/local/texlive/2023/texmf-dist/tex/latex/supertabular/supertabular.sty
Package: supertabular 2020/02/02 v4.1g the supertabular environment
\c@tracingst=\count306
\ST@wd=\dimen161
\ST@rightskip=\skip106
\ST@leftskip=\skip107
\ST@parfillskip=\skip108
\ST@pageleft=\dimen162
\ST@headht=\dimen163
\ST@tailht=\dimen164
\ST@pagesofar=\dimen165
\ST@pboxht=\dimen166
\ST@lineht=\dimen167
\ST@prevht=\dimen168
\ST@toadd=\dimen169
\ST@dimen=\dimen170
\ST@pbox=\box59
))
(/usr/local/texlive/2023/texmf-dist/tex/latex/glossaries/styles/glossary-tree.s
ty
Package: glossary-tree 2022/11/03 v4.52 (NLCT)
\glstreeindent=\skip109
))
\glswrite=\write3
\glo@main@file=\write4
\openout4 = `hilbert.glo'.

Package glossaries Info: Writing glossary file hilbert.glo on input line 4.


LaTeX Warning: \include should only be used after \begin{document} on input lin
e 6.

(./macros.tex
\c@theorem=\count307
\c@example=\count308
\c@axiom=\count309
\c@remark=\count310
\c@definition=\count311
\c@proposition=\count312
\c@corollary=\count313
\c@equivalence=\count314
\c@law=\count315
\c@lotexp=\count316
\cftbeforelotexpskip=\skip110
\cftlotexpindent=\skip111
\cftlotexpnumwidth=\skip112
\c@texdepth=\count317
\cftbeforetextitleskip=\skip113
\cftaftertextitleskip=\skip114
)
(/usr/local/texlive/2023/texmf-dist/tex/latex/l3backend/l3backend-pdftex.def
File: l3backend-pdftex.def 2023-01-16 L3 backend support: PDF output (pdfTeX)
\l__color_backend_stack_int=\count318
\l__pdf_internal_box=\box60
)
(./hilbert.aux (./front/abstract.aux) (./front/toc.aux) (./front/roadmap.aux)
(./front/nb.aux) (./front/harm.aux) (./chapters/one.aux) (./chapters/two.aux)
(./chapters/three.aux) (./chapters/four.aux) (./chapters/five.aux)
(./chapters/six.aux) (./chapters/seven.aux) (./appendix/proofs.aux))
\openout1 = `hilbert.aux'.

LaTeX Font Info:    Checking defaults for OML/cmm/m/it on input line 13.
LaTeX Font Info:    ... okay on input line 13.
LaTeX Font Info:    Checking defaults for OMS/cmsy/m/n on input line 13.
LaTeX Font Info:    ... okay on input line 13.
LaTeX Font Info:    Checking defaults for OT1/cmr/m/n on input line 13.
LaTeX Font Info:    ... okay on input line 13.
LaTeX Font Info:    Checking defaults for T1/cmr/m/n on input line 13.
LaTeX Font Info:    ... okay on input line 13.
LaTeX Font Info:    Checking defaults for TS1/cmr/m/n on input line 13.
LaTeX Font Info:    ... okay on input line 13.
LaTeX Font Info:    Checking defaults for OMX/cmex/m/n on input line 13.
LaTeX Font Info:    ... okay on input line 13.
LaTeX Font Info:    Checking defaults for U/cmr/m/n on input line 13.
LaTeX Font Info:    ... okay on input line 13.

(/usr/local/texlive/2023/texmf-dist/tex/latex/graphics/graphicx.sty
Package: graphicx 2021/09/16 v1.2d Enhanced LaTeX Graphics (DPC,SPQR)

(/usr/local/texlive/2023/texmf-dist/tex/latex/graphics/graphics.sty
Package: graphics 2022/03/10 v1.4e Standard LaTeX Graphics (DPC,SPQR)

(/usr/local/texlive/2023/texmf-dist/tex/latex/graphics/trig.sty
Package: trig 2021/08/11 v1.11 sin cos tan (DPC)
)
(/usr/local/texlive/2023/texmf-dist/tex/latex/graphics-cfg/graphics.cfg
File: graphics.cfg 2016/06/04 v1.11 sample graphics configuration
)
Package graphics Info: Driver file: pdftex.def on input line 107.

(/usr/local/texlive/2023/texmf-dist/tex/latex/graphics-def/pdftex.def
File: pdftex.def 2022/09/22 v1.2b Graphics/color driver for pdftex

(/usr/local/texlive/2023/texmf-dist/tex/context/base/mkii/supp-pdf.mkii
[Loading MPS to PDF converter (version 2006.09.02).]
\scratchcounter=\count319
\scratchdimen=\dimen171
\scratchbox=\box61
\nofMPsegments=\count320
\nofMParguments=\count321
\everyMPshowfont=\toks43
\MPscratchCnt=\count322
\MPscratchDim=\dimen172
\MPnumerator=\count323
\makeMPintoPDFobject=\count324
\everyMPtoPDFconversion=\toks44
)))
(/usr/local/texlive/2023/texmf-dist/tex/latex/epstopdf-pkg/epstopdf-base.sty
Package: epstopdf-base 2020-01-24 v2.11 Base part for package epstopdf
Package epstopdf-base Info: Redefining graphics rule for `.eps' on input line 4
85.

(/usr/local/texlive/2023/texmf-dist/tex/latex/latexconfig/epstopdf-sys.cfg
File: epstopdf-sys.cfg 2010/07/13 v1.3 Configuration of (r)epstopdf for TeX Liv
e
))
\Gin@req@height=\dimen173
\Gin@req@width=\dimen174
)
(./hilbert.glsdefs)
LaTeX Font Info:    Trying to load font information for U+msa on input line 15.


(/usr/local/texlive/2023/texmf-dist/tex/latex/amsfonts/umsa.fd
File: umsa.fd 2013/01/14 v3.01 AMS symbols A
)
LaTeX Font Info:    Trying to load font information for U+msb on input line 15.


(/usr/local/texlive/2023/texmf-dist/tex/latex/amsfonts/umsb.fd
File: umsb.fd 2013/01/14 v3.01 AMS symbols B
) [1

\openout3 = `hilbert.ist'.


{/usr/local/texlive/2023/texmf-var/fonts/map/pdftex/updmap/pdftex.map}] [1]
\openout2 = `front/abstract.aux'.


(./front/abstract.tex [1



]) [2]
\openout2 = `front/toc.aux'.

 (./front/toc.tex (./hilbert.toc [3



]
Overfull \hbox (1.00156pt too wide) in paragraph at lines 56--56
 [][] []\OT1/cmr/m/n/12 Introduction: Mar-tin's Con-di-tion and the Con-ti-nu-i
ty of Causal 
 []

[4] [5] [6])
\tf@toc=\write5
\openout5 = `hilbert.toc'.

 [7]
showing axiom
(./hilbert.loe) [8]
showing example
(./hilbert.loe
Overfull \hbox (0.5099pt too wide) in paragraph at lines 80--80
 [][] []\OT1/cmr/m/n/12 Thought Ex-per-i-ment (Mach--Zehnder In-ter-fer-om-e-te
r as Causal 
 []

[9

]
Overfull \hbox (3.00272pt too wide) detected at line 122
\OT1/cmr/m/n/12 3.10.1 
 []


Overfull \hbox (3.00272pt too wide) detected at line 123
\OT1/cmr/m/n/12 3.10.2 
 []


Overfull \hbox (3.00272pt too wide) detected at line 124
\OT1/cmr/m/n/12 3.10.3 
 []


Overfull \hbox (3.00272pt too wide) detected at line 125
\OT1/cmr/m/n/12 3.10.4 
 []


Overfull \hbox (3.00272pt too wide) detected at line 126
\OT1/cmr/m/n/12 3.10.5 
 []


Overfull \hbox (2.66823pt too wide) in paragraph at lines 132--132
 [][] []\OT1/cmr/m/n/12 Thought Ex-per-i-ment (Thought Ex-per-i-ment: The Shado
w Pup- 
 []

[10]
Overfull \hbox (10.30565pt too wide) in paragraph at lines 145--145
 [][] []\OT1/cmr/m/n/12 Thought Ex-per-i-ment (Ex-trap-o-la-tion: Ro-ta-tion Cu
rves as Order- 
 []

) [11]
showing definition
(./hilbert.loe [12

]) [13]
showing proposition
(./hilbert.loe [14

]) [15]
showing corollary
(./hilbert.loe) [16

]
showing theorem
(./hilbert.loe) [17

]
showing law
(./hilbert.loe) [18

])
\openout2 = `front/roadmap.aux'.

 (./front/roadmap.tex [19




] [20] [21]) [22]
\openout2 = `front/nb.aux'.

 (./front/nb.tex [23




]) [24]
\openout2 = `front/harm.aux'.

 (./front/harm.tex [25




])
\openout2 = `chapters/one.aux'.

 (./chapters/one.tex
Chapter 1.
[1






] [2] [3] [4] [5] [6] [7] [8] [9] [10] [11] [12]) [13]
\openout2 = `chapters/two.aux'.

 (./chapters/two.tex
Chapter 2.
[14




]
\@gls@deffile=\write6
\openout6 = `hilbert.glsdefs'.


Overfull \hbox (8.31656pt too wide) in paragraph at lines 71--72
\OT1/cmr/m/it/12 equivalence class of rank func-tions as in Def-i-ni-tion 1[]. 
The ad-di-tiv-ity $\OMS/cmsy/m/n/12 j\OML/cmm/m/it/12 ^^Nt\OMS/cmsy/m/n/12 j\OT
1/cmr/m/n/12 (\OML/cmm/m/it/12 a; b\OT1/cmr/m/n/12 ) =
 []

[15]
Overfull \hbox (1.0905pt too wide) in paragraph at lines 85--86
[]\OT1/cmr/m/it/12 In the present frame-work, the anal-o-gous con-stant plays n
o phys-i-cal role|it
 []

[16] [17] [18] [19] [20] [21] [22{/usr/local/texlive/2023/texmf-dist/fonts/enc/
dvips/cm-super/cm-super-ts1.enc}]
Overfull \hbox (4.4715pt too wide) in paragraph at lines 394--399
\OT1/cmr/bx/n/12 Axiom 1 \OT1/cmr/m/n/12 (The Ax-iom of Kol-mogorov: Mea-sure-m
ent as a For-mal Record [[]])\OT1/cmr/bx/n/12 .
 []

[23] [24] [25] [26] [27] [28] [29] [30] [31] [32] [33] [34] [35] [36] [37]
[38] [39] [40]

LaTeX Warning: Reference `app:extension-invariance' on page 41 undefined on inp
ut line 1110.

[41] [42] [43] [44] [45] [46] [47] [48] [49]
Overfull \hbox (0.32942pt too wide) in paragraph at lines 1469--1473
[]\OT1/cmr/m/it/12 Operationally, this is a Banach--Tarski-like over-count-ing:
 the causal struc-
 []

[50]
Overfull \hbox (17.8425pt too wide) in paragraph at lines 1525--1526
\OT1/cmr/bx/n/12 Remark 17 \OT1/cmr/m/n/12 (Log-i-cal guar-an-tee, not a mech-a
-nism)\OT1/cmr/bx/n/12 . \OT1/cmr/m/it/12 Ax-iom 7[] is non-constructive.
 []

[51]
Overfull \hbox (16.93542pt too wide) detected at line 1545
\OT1/cmr/bx/n/12 U[] \OT1/cmr/m/n/12 = \OT1/cmr/bx/n/12 U[] \OT1/cmr/m/n/12 + \
OT1/cmr/bx/n/12 E[]\OML/cmm/m/it/12 ;  []\OT1/cmr/bx/n/12 E[][]
 []

[52] [53] [54] [55] [56] [57] [58] [59] [60]
Overfull \hbox (19.68085pt too wide) in paragraph at lines 1855--1862
[]\OT1/cmr/m/n/12 Energy mono-tonic-ity and non-neg-a-tiv-ity im-ply $\OMS/cmsy
/m/n/12 fJ\OT1/cmr/m/n/12 [\OML/cmm/m/it/12 U[]\OT1/cmr/m/n/12 ]\OMS/cmsy/m/n/1
2 g$ \OT1/cmr/m/n/12 is bounded,
 []

[61]
Overfull \hbox (19.68085pt too wide) in paragraph at lines 1922--1930
[]\OT1/cmr/m/n/12 Energy mono-tonic-ity and non-neg-a-tiv-ity im-ply $\OMS/cmsy
/m/n/12 fJ\OT1/cmr/m/n/12 [\OML/cmm/m/it/12 U[]\OT1/cmr/m/n/12 ]\OMS/cmsy/m/n/1
2 g$ \OT1/cmr/m/n/12 is bounded,
 []


Overfull \hbox (0.26466pt too wide) in paragraph at lines 1922--1930
\OT1/cmr/m/n/12 form bounds on $\OML/cmm/m/it/12 U[]$ \OT1/cmr/m/n/12 and $\OML
/cmm/m/it/12 U[]$\OT1/cmr/m/n/12 , so $\OMS/cmsy/m/n/12 f\OML/cmm/m/it/12 U[]\O
MS/cmsy/m/n/12 g$ \OT1/cmr/m/n/12 is equicon-tin-u-ous and uni-formly bounded.
 []

[62] [63] [64] [65] [66] [67] [68] [69] [70]) [71]
\openout2 = `chapters/three.aux'.

 (./chapters/three.tex
Chapter 3.

Overfull \hbox (2.35774pt too wide) in paragraph at lines 4--4
[]\OT1/cmr/bx/n/17.28 Introduction: Mar-tin's Con-di-tion and the
 []

[72




]
Overfull \hbox (5.12773pt too wide) in paragraph at lines 58--58
[]\OT1/cmr/bx/n/17.28 Interaction: The Union of Or-dered Events 
 []

[73]
Overfull \hbox (16.08832pt too wide) in paragraph at lines 85--101
\OT1/cmr/m/it/12 sure $\OML/cmm/m/it/12 x$ \OT1/cmr/m/it/12 then $\OML/cmm/m/it
/12 z$\OT1/cmr/m/it/12 '' cor-re-sponds to the or-dered up-date $\OML/cmm/m/it/
12 U[]\OT1/cmr/m/n/12 (\OML/cmm/m/it/12 ^^Z\OT1/cmr/m/n/12 ) = [][] \OML/cmm/m/
it/12 P[]P[] ^^Z P[]P[];$
 []

[74]
Overfull \hbox (2.05426pt too wide) in paragraph at lines 144--157
\OT1/cmr/m/n/12 mu-tual ad-just-ment prop-a-gates along both chains, en-forc-in
g con-sis-tency across
 []

[75] [76] [77]
Overfull \hbox (1.2927pt too wide) in paragraph at lines 228--236
\OT1/cmr/m/n/12 main. To a lo-cal ob-server, this ap-pears as in-stan-ta-neous 
cor-re-la-tion|``spooky
 []

[78] [79] [80] [81]
Overfull \hbox (3.78203pt too wide) in paragraph at lines 375--379
[]\OT1/cmr/m/n/12 Each sur-ro-gate event rep-re-sents the rec-on-cil-i-a-tion o
f an un-re-solv-able causal
 []


Overfull \hbox (1.31776pt too wide) in paragraph at lines 407--407
[]\OT1/cmr/bx/n/17.28 Wave Am-pli-tude from In-ter-ac-tion Counts 
 []

[82] [83]
Overfull \hbox (1.54176pt too wide) in paragraph at lines 474--475
\OT1/cmr/bx/n/12 Proposition 11 \OT1/cmr/m/n/12 (Tri-an-gle--Type In-equal-ity)
\OT1/cmr/bx/n/12 . \OT1/cmr/m/it/12 For any lo-cally fi-nite $\OML/cmm/m/it/12 
E[]; E[]; E[]$\OT1/cmr/m/it/12 , 
 []

[84] [85] [86] [87]
Overfull \hbox (119.81583pt too wide) detected at line 661
\OML/cmm/m/it/12 ^^N[]\OMS/cmsy/m/n/12 A\OT1/cmr/m/n/12 (\OML/cmm/m/it/12 E[]; 
E[]\OT1/cmr/m/n/12 ) := \OML/cmm/m/it/12 ^^N[][]^^N[]\OMS/cmsy/m/n/12 A\OT1/cmr
/m/n/12 (\OML/cmm/m/it/12 E[]; E[]\OT1/cmr/m/n/12 )[] = \OMS/cmsy/m/n/12 A\OT1/
cmr/m/n/12 (\OML/cmm/m/it/12 E[] \OMS/cmsy/m/n/12 [ f\OML/cmm/m/it/12 e; f\OMS/
cmsy/m/n/12 g\OML/cmm/m/it/12 ; E[]\OT1/cmr/m/n/12 ) \OMS/cmsy/m/n/12 ^^@ A\OT1
/cmr/m/n/12 (\OML/cmm/m/it/12 E[] \OMS/cmsy/m/n/12 [ f\OML/cmm/m/it/12 e\OMS/cm
sy/m/n/12 g\OML/cmm/m/it/12 ; E[]\OT1/cmr/m/n/12 ) \OMS/cmsy/m/n/12 ^^@ A\OT1/c
mr/m/n/12 (\OML/cmm/m/it/12 E[] \OMS/cmsy/m/n/12 [ f\OML/cmm/m/it/12 f\OMS/cmsy
/m/n/12 g\OML/cmm/m/it/12 ; E[]\OT1/cmr/m/n/12 ) + \OMS/cmsy/m/n/12 A\OT1/cmr/m
/n/12 (\OML/cmm/m/it/12 E[]; E[]\OT1/cmr/m/n/12 )\OML/cmm/m/it/12 :
 []

[88] [89]
Overfull \hbox (2.2438pt too wide) in paragraph at lines 748--748
[]\OT1/cmr/bx/n/17.28 Advection as Order-Preserving Trans-port 
 []

[90] [91] [92]
Overfull \hbox (15.92354pt too wide) in paragraph at lines 885--889
\OT1/cmr/m/n/12 The ``speed'' $\OML/cmm/m/it/12 c$ \OT1/cmr/m/n/12 is the rate 
at which or-der con-straints tra-verse the poset|not
 []

[93]
Overfull \hbox (1.94443pt too wide) in paragraph at lines 917--919
\OT1/cmr/bx/n/12 Definition 34 \OT1/cmr/m/n/12 (Adi-a-batic Trans-port)\OT1/cmr
/bx/n/12 . \OT1/cmr/m/it/12 Let $\OMS/cmsy/m/n/12 C \OT1/cmr/m/n/12 = (\OML/cmm
/m/it/12 E; \OMS/cmsy/m/n/12 ^^V\OT1/cmr/m/n/12 )$ \OT1/cmr/m/it/12 be a causal
 set equipped
 []

[94]
Overfull \hbox (6.15283pt too wide) in paragraph at lines 947--950
\OT1/cmr/m/it/12 for all $\OML/cmm/m/it/12 x$ \OT1/cmr/m/it/12 in the lo-cal pr
ed-i-cate space. Hence adi-a-batic trans-port is the first{order
 []

[95] [96] [97] [98] [99]
Overfull \hbox (1.98578pt too wide) in paragraph at lines 1088--1092
\OT1/cmr/m/it/12 fu-sion con-stant $\OML/cmm/m/it/12 D$ \OT1/cmr/m/it/12 mea-su
res the ob-server's coarse{graining band-width: smaller
 []

[100]
Overfull \hbox (2.20462pt too wide) in paragraph at lines 1114--1115
[]\OT1/cmr/m/n/12 Continuously\OT1/cmr/m/it/12 |refining the re-la-tional am-pl
i-tudes be-tween ex-ist-ing events
 []

[101] [102] [103] [104] [105]
Overfull \hbox (5.18092pt too wide) in paragraph at lines 1276--1277
\OT1/cmr/bx/n/12 Thought Ex-per-i-ment 3.10.1 \OT1/cmr/m/n/12 (Ex-trap-o-la-tio
n: The Casimir Ef-fect as Bound-
 []

[106] [107] [108] [109] [110

]) [111]
\openout2 = `chapters/four.aux'.

 (./chapters/four.tex
Chapter 4.
[112




] [113] [114] [115] [116]
Overfull \hbox (5.97945pt too wide) in paragraph at lines 198--199
\OT1/cmr/bx/n/12 Thought Ex-per-i-ment 4.1.1 \OT1/cmr/m/n/12 (Michel-son---Mor-
ley as Gauge Isotropy of Causal
 []

[117] [118] [119] [120]
Overfull \hbox (6.1876pt too wide) in paragraph at lines 346--348
\OT1/cmr/bx/n/12 Remark 23 \OT1/cmr/m/n/12 (His-tor-i-cal Con-text: Noether Sym
-me-try and Reci-procity)\OT1/cmr/bx/n/12 . \OT1/cmr/m/it/12 Emmy
 []

[121] [122]
Overfull \hbox (13.60991pt too wide) in paragraph at lines 389--395
\OT1/cmr/bx/n/12 Thought Ex-per-i-ment 4.2.1 \OT1/cmr/m/n/12 (The Two Ob-server
s and the In-vari-ant Count [[],
 []

[123] [124] [125] [126]
Overfull \hbox (23.25404pt too wide) in paragraph at lines 548--552
\OT1/cmr/m/it/12 represents the in-finites-i-mal mea-sure of dis-tin-guisha-bil
-ity be-tween these events|the
 []

[127]) [128]
\openout2 = `chapters/five.aux'.

 (./chapters/five.tex
Chapter 5.
[129




] [130] [131] [132] [133] [134]
Overfull \hbox (5.13582pt too wide) in paragraph at lines 191--191
[]\OT1/cmr/bx/n/17.28 Empirical Test: Nor-mal Equa-tions for Ro-
 []

[135] [136] [137] [138]) [139]
\openout2 = `chapters/six.aux'.

 (./chapters/six.tex
Chapter 6.
[140




]
Overfull \hbox (79.77867pt too wide) has occurred while \output is active
\OT1/cmr/m/sl/12 CHAPTER 6.  THE CONSERVATION OF SYMMETRY: FROM NOETHER TO MASS
 \OT1/cmr/m/n/12 141
 []

[141]
Overfull \hbox (79.77867pt too wide) has occurred while \output is active
\OT1/cmr/m/sl/12 CHAPTER 6.  THE CONSERVATION OF SYMMETRY: FROM NOETHER TO MASS
 \OT1/cmr/m/n/12 142
 []

[142]
Overfull \hbox (79.77867pt too wide) has occurred while \output is active
\OT1/cmr/m/sl/12 CHAPTER 6.  THE CONSERVATION OF SYMMETRY: FROM NOETHER TO MASS
 \OT1/cmr/m/n/12 143
 []

[143]
Overfull \hbox (79.77867pt too wide) has occurred while \output is active
\OT1/cmr/m/sl/12 CHAPTER 6.  THE CONSERVATION OF SYMMETRY: FROM NOETHER TO MASS
 \OT1/cmr/m/n/12 144
 []

[144]
Overfull \hbox (79.77867pt too wide) has occurred while \output is active
\OT1/cmr/m/sl/12 CHAPTER 6.  THE CONSERVATION OF SYMMETRY: FROM NOETHER TO MASS
 \OT1/cmr/m/n/12 145
 []

[145]
Overfull \hbox (79.77867pt too wide) has occurred while \output is active
\OT1/cmr/m/sl/12 CHAPTER 6.  THE CONSERVATION OF SYMMETRY: FROM NOETHER TO MASS
 \OT1/cmr/m/n/12 146
 []

[146]
Overfull \hbox (79.77867pt too wide) has occurred while \output is active
\OT1/cmr/m/sl/12 CHAPTER 6.  THE CONSERVATION OF SYMMETRY: FROM NOETHER TO MASS
 \OT1/cmr/m/n/12 147
 []

[147]
Overfull \hbox (79.77867pt too wide) has occurred while \output is active
\OT1/cmr/m/sl/12 CHAPTER 6.  THE CONSERVATION OF SYMMETRY: FROM NOETHER TO MASS
 \OT1/cmr/m/n/12 148
 []

[148]
Overfull \hbox (79.77867pt too wide) has occurred while \output is active
\OT1/cmr/m/sl/12 CHAPTER 6.  THE CONSERVATION OF SYMMETRY: FROM NOETHER TO MASS
 \OT1/cmr/m/n/12 149
 []

[149]
Overfull \hbox (79.77867pt too wide) has occurred while \output is active
\OT1/cmr/m/sl/12 CHAPTER 6.  THE CONSERVATION OF SYMMETRY: FROM NOETHER TO MASS
 \OT1/cmr/m/n/12 150
 []

[150]
Overfull \hbox (79.77867pt too wide) has occurred while \output is active
\OT1/cmr/m/sl/12 CHAPTER 6.  THE CONSERVATION OF SYMMETRY: FROM NOETHER TO MASS
 \OT1/cmr/m/n/12 151
 []

[151]
Overfull \hbox (79.77867pt too wide) has occurred while \output is active
\OT1/cmr/m/sl/12 CHAPTER 6.  THE CONSERVATION OF SYMMETRY: FROM NOETHER TO MASS
 \OT1/cmr/m/n/12 152
 []

[152]
Overfull \hbox (79.77867pt too wide) has occurred while \output is active
\OT1/cmr/m/sl/12 CHAPTER 6.  THE CONSERVATION OF SYMMETRY: FROM NOETHER TO MASS
 \OT1/cmr/m/n/12 153
 []

[153]
Overfull \hbox (79.77867pt too wide) has occurred while \output is active
\OT1/cmr/m/sl/12 CHAPTER 6.  THE CONSERVATION OF SYMMETRY: FROM NOETHER TO MASS
 \OT1/cmr/m/n/12 154
 []

[154]
Overfull \hbox (79.77867pt too wide) has occurred while \output is active
\OT1/cmr/m/sl/12 CHAPTER 6.  THE CONSERVATION OF SYMMETRY: FROM NOETHER TO MASS
 \OT1/cmr/m/n/12 155
 []

[155]
Overfull \hbox (79.77867pt too wide) has occurred while \output is active
\OT1/cmr/m/sl/12 CHAPTER 6.  THE CONSERVATION OF SYMMETRY: FROM NOETHER TO MASS
 \OT1/cmr/m/n/12 156
 []

[156]
Overfull \hbox (79.77867pt too wide) has occurred while \output is active
\OT1/cmr/m/sl/12 CHAPTER 6.  THE CONSERVATION OF SYMMETRY: FROM NOETHER TO MASS
 \OT1/cmr/m/n/12 157
 []

[157]
Overfull \hbox (79.77867pt too wide) has occurred while \output is active
\OT1/cmr/m/sl/12 CHAPTER 6.  THE CONSERVATION OF SYMMETRY: FROM NOETHER TO MASS
 \OT1/cmr/m/n/12 158
 []

[158]
Overfull \hbox (2.30241pt too wide) in paragraph at lines 776--780
\OT1/cmr/m/n/12 ledger. Lo-cal in-vari-ance means that the ex-change rates be-t
ween these columns
 []


Overfull \hbox (79.77867pt too wide) has occurred while \output is active
\OT1/cmr/m/sl/12 CHAPTER 6.  THE CONSERVATION OF SYMMETRY: FROM NOETHER TO MASS
 \OT1/cmr/m/n/12 159
 []

[159]
Overfull \hbox (0.51817pt too wide) in paragraph at lines 800--807
\OT1/cmr/m/n/12 Perfect causal sym-me-try im-plies mo-tion at the limit of dis-
tin-guisha-bil-ity|the
 []


Overfull \hbox (79.77867pt too wide) has occurred while \output is active
\OT1/cmr/m/sl/12 CHAPTER 6.  THE CONSERVATION OF SYMMETRY: FROM NOETHER TO MASS
 \OT1/cmr/m/n/12 160
 []

[160]
Overfull \hbox (79.77867pt too wide) has occurred while \output is active
\OT1/cmr/m/sl/12 CHAPTER 6.  THE CONSERVATION OF SYMMETRY: FROM NOETHER TO MASS
 \OT1/cmr/m/n/12 161
 []

[161]
Overfull \hbox (79.77867pt too wide) has occurred while \output is active
\OT1/cmr/m/sl/12 CHAPTER 6.  THE CONSERVATION OF SYMMETRY: FROM NOETHER TO MASS
 \OT1/cmr/m/n/12 162
 []

[162]
Overfull \hbox (79.77867pt too wide) has occurred while \output is active
\OT1/cmr/m/sl/12 CHAPTER 6.  THE CONSERVATION OF SYMMETRY: FROM NOETHER TO MASS
 \OT1/cmr/m/n/12 163
 []

[163]
Overfull \hbox (79.77867pt too wide) has occurred while \output is active
\OT1/cmr/m/sl/12 CHAPTER 6.  THE CONSERVATION OF SYMMETRY: FROM NOETHER TO MASS
 \OT1/cmr/m/n/12 164
 []

[164])
Overfull \hbox (79.77867pt too wide) has occurred while \output is active
\OT1/cmr/m/sl/12 CHAPTER 6.  THE CONSERVATION OF SYMMETRY: FROM NOETHER TO MASS
 \OT1/cmr/m/n/12 165
 []

[165]
\openout2 = `chapters/seven.aux'.

 (./chapters/seven.tex
Chapter 7.
[166




]
Overfull \hbox (1.08379pt too wide) in paragraph at lines 35--40
\OT1/cmr/m/it/12 mea-sure-ment at-taches finer tags|subject, au-thor, edi-tion|
refining the causal
 []

[167] [168] [169] [170] [171] [172] [173]) [174]
\openout2 = `appendix/proofs.aux'.

 (./appendix/proofs.tex)
[175





] (./hilbert.gls

Package glossaries Warning: Glossary entry `entanglement' has not been defined 
on input line 8.


Package glossaries Warning: Glossary entry `entanglement' has not been defined 
on input line 8.


Package glossaries Warning: Glossary entry `entanglementequivalence' has not be
en defined on input line 10.


Package glossaries Warning: Glossary entry `entanglementequivalence' has not be
en defined on input line 10.


Overfull \hbox (1.20566pt too wide) in paragraph at lines 17--20
\OT1/cmr/m/n/12 event ten-sors, pre-serv-ing the or-der of com-po-si-tion in a 
non-commutative
 []

[176




]) (./hilbert.bbl [177] [178

] [179] [180] [181] [182] [183] [184] [185]
[186])
\tf@loe=\write7
\openout7 = `hilbert.loe'.

 [187] (./hilbert.aux (./front/abstract.aux) (./front/toc.aux)
(./front/roadmap.aux) (./front/nb.aux) (./front/harm.aux) (./chapters/one.aux)
(./chapters/two.aux) (./chapters/three.aux) (./chapters/four.aux)
(./chapters/five.aux) (./chapters/six.aux) (./chapters/seven.aux)
(./appendix/proofs.aux))

LaTeX Warning: There were undefined references.

 ) 
Here is how much of TeX's memory you used:
 10035 strings out of 476025
 178684 string characters out of 5790017
 1861388 words of memory out of 5000000
 30186 multiletter control sequences out of 15000+600000
 530740 words of font info for 98 fonts, out of 8000000 for 9000
 1142 hyphenation exceptions out of 8191
 94i,13n,90p,2251b,367s stack positions out of 10000i,1000n,20000p,200000b,200000s
</usr/local/texlive/2023/texmf-dist/fonts/type1/public/amsfonts/cm/cmbx12.pfb
></usr/local/texlive/2023/texmf-dist/fonts/type1/public/amsfonts/cm/cmbxti10.pf
b></usr/local/texlive/2023/texmf-dist/fonts/type1/public/amsfonts/cm/cmex10.pfb
></usr/local/texlive/2023/texmf-dist/fonts/type1/public/amsfonts/cm/cmmi10.pfb>
</usr/local/texlive/2023/texmf-dist/fonts/type1/public/amsfonts/cm/cmmi12.pfb><
/usr/local/texlive/2023/texmf-dist/fonts/type1/public/amsfonts/cm/cmmi6.pfb></u
sr/local/texlive/2023/texmf-dist/fonts/type1/public/amsfonts/cm/cmmi8.pfb></usr
/local/texlive/2023/texmf-dist/fonts/type1/public/amsfonts/cm/cmr10.pfb></usr/l
ocal/texlive/2023/texmf-dist/fonts/type1/public/amsfonts/cm/cmr12.pfb></usr/loc
al/texlive/2023/texmf-dist/fonts/type1/public/amsfonts/cm/cmr17.pfb></usr/local
/texlive/2023/texmf-dist/fonts/type1/public/amsfonts/cm/cmr6.pfb></usr/local/te
xlive/2023/texmf-dist/fonts/type1/public/amsfonts/cm/cmr7.pfb></usr/local/texli
ve/2023/texmf-dist/fonts/type1/public/amsfonts/cm/cmr8.pfb></usr/local/texlive/
2023/texmf-dist/fonts/type1/public/amsfonts/cm/cmsl12.pfb></usr/local/texlive/2
023/texmf-dist/fonts/type1/public/amsfonts/cm/cmss12.pfb></usr/local/texlive/20
23/texmf-dist/fonts/type1/public/amsfonts/cm/cmsy10.pfb></usr/local/texlive/202
3/texmf-dist/fonts/type1/public/amsfonts/cm/cmsy6.pfb></usr/local/texlive/2023/
texmf-dist/fonts/type1/public/amsfonts/cm/cmsy8.pfb></usr/local/texlive/2023/te
xmf-dist/fonts/type1/public/amsfonts/cm/cmti10.pfb></usr/local/texlive/2023/tex
mf-dist/fonts/type1/public/amsfonts/cm/cmti12.pfb></usr/local/texlive/2023/texm
f-dist/fonts/type1/public/amsfonts/cm/cmti8.pfb></usr/local/texlive/2023/texmf-
dist/fonts/type1/public/amsfonts/symbols/msam10.pfb></usr/local/texlive/2023/te
xmf-dist/fonts/type1/public/amsfonts/symbols/msbm10.pfb></usr/local/texlive/202
3/texmf-dist/fonts/type1/public/cm-super/sfrm1200.pfb></usr/local/texlive/2023/
texmf-dist/fonts/type1/public/cm-super/sfti1200.pfb>
Output written on hilbert.pdf (214 pages, 759010 bytes).
PDF statistics:
 820 PDF objects out of 1000 (max. 8388607)
 548 compressed objects within 6 object streams
 0 named destinations out of 1000 (max. 500000)
 1 words of extra memory for PDF output out of 10000 (max. 10000000)

